[07-29 10:15:38] [INFO] 已开启沙箱环境，发送消息时将频道方将自动添加[sandbox]字样，如需关闭请传参is_sandbox=False
[07-29 10:15:38] [INFO] 消息（所有消息）接收函数订阅成功
[07-29 10:15:39] [DEBUG] [机器人ws地址] wss://sandbox.api.sgroup.qq.com/websocket
[07-29 10:15:39] [INFO] 连接成功，机器人开始运行
[07-29 10:15:40] [INFO] 机器人频道用户ID：16339539897453438804
[07-29 10:39:32] [INFO] 已开启沙箱环境，发送消息时将频道方将自动添加[sandbox]字样，如需关闭请传参is_sandbox=False
[07-29 10:39:32] [INFO] Session Manager 读取了 D:\code\qqbot0729\session_data 的数据
[07-29 10:39:32] [INFO] 消息（所有消息）接收函数订阅成功
[07-29 10:39:33] [DEBUG] [机器人ws地址] wss://sandbox.api.sgroup.qq.com/websocket
[07-29 10:39:33] [INFO] 连接成功，机器人开始运行
[07-29 10:39:34] [INFO] 机器人频道用户ID：16339539897453438804
[07-29 10:40:03] [INFO] 已开启沙箱环境，发送消息时将频道方将自动添加[sandbox]字样，如需关闭请传参is_sandbox=False
[07-29 10:40:03] [INFO] Session Manager 读取了 D:\code\qqbot0729\session_data 的数据
[07-29 10:40:03] [INFO] 消息（所有消息）接收函数订阅成功
[07-29 10:40:03] [DEBUG] [机器人ws地址] wss://sandbox.api.sgroup.qq.com/websocket
[07-29 10:40:04] [INFO] 连接成功，机器人开始运行
[07-29 10:40:05] [INFO] 机器人频道用户ID：16339539897453438804
[07-29 10:40:46] [DEBUG] 心跳发送成功
[07-29 10:41:51] [INFO] Session Manager 读取了 D:\code\qqbot0729\session_data 的数据
[07-29 10:41:51] [INFO] 消息（所有消息）接收函数订阅成功
[07-29 10:41:52] [DEBUG] [机器人ws地址] wss://api.sgroup.qq.com/websocket
[07-29 10:41:52] [INFO] 连接成功，机器人开始运行
[07-29 10:41:52] [INFO] 机器人频道用户ID：16339539897453438804
[07-29 10:42:33] [DEBUG] 心跳发送成功
[07-29 10:43:15] [DEBUG] 心跳发送成功
[07-29 10:44:21] [INFO] 已开启沙箱环境，发送消息时将频道方将自动添加[sandbox]字样，如需关闭请传参is_sandbox=False
[07-29 10:44:21] [INFO] Session Manager 读取了 D:\code\qqbot0729\session_data 的数据
[07-29 10:44:21] [INFO] 消息（所有消息）接收函数订阅成功
[07-29 10:44:22] [DEBUG] [机器人ws地址] wss://sandbox.api.sgroup.qq.com/websocket
[07-29 10:44:22] [INFO] 连接成功，机器人开始运行
[07-29 10:44:23] [INFO] 机器人频道用户ID：16339539897453438804
[07-29 10:45:04] [DEBUG] 心跳发送成功
[07-29 10:45:45] [DEBUG] 心跳发送成功
[07-29 10:46:26] [DEBUG] 心跳发送成功
[07-29 10:46:51] [INFO] 已开启沙箱环境，发送消息时将频道方将自动添加[sandbox]字样，如需关闭请传参is_sandbox=False
[07-29 10:46:51] [INFO] Session Manager 读取了 D:\code\qqbot0729\session_data 的数据
[07-29 10:46:51] [INFO] 消息（所有消息）接收函数订阅成功
[07-29 10:46:52] [DEBUG] [机器人ws地址] wss://sandbox.api.sgroup.qq.com/websocket
[07-29 10:46:52] [INFO] 连接成功，机器人开始运行
[07-29 10:46:53] [INFO] 机器人频道用户ID：16339539897453438804
[07-29 10:47:34] [DEBUG] 心跳发送成功
[07-29 10:48:15] [DEBUG] 心跳发送成功
[07-29 10:48:56] [DEBUG] 心跳发送成功
[07-29 10:49:38] [DEBUG] 心跳发送成功
[07-29 10:50:19] [DEBUG] 心跳发送成功
[07-29 10:51:00] [DEBUG] 心跳发送成功
[07-29 10:51:41] [DEBUG] 心跳发送成功
[07-29 10:52:23] [DEBUG] 心跳发送成功
[07-29 10:53:04] [DEBUG] 心跳发送成功
[07-29 10:53:45] [DEBUG] 心跳发送成功
[07-29 10:54:26] [DEBUG] 心跳发送成功
[07-29 10:55:08] [DEBUG] 心跳发送成功
[07-29 10:55:49] [DEBUG] 心跳发送成功
[07-29 10:56:30] [DEBUG] 心跳发送成功
[07-29 10:57:11] [DEBUG] 心跳发送成功
[07-29 10:57:53] [DEBUG] 心跳发送成功
[07-29 10:58:34] [DEBUG] 心跳发送成功
[07-29 10:59:15] [DEBUG] 心跳发送成功
[07-29 10:59:56] [DEBUG] 心跳发送成功
[07-29 11:00:38] [DEBUG] 心跳发送成功
[07-29 11:01:19] [DEBUG] 心跳发送成功
[07-29 11:02:00] [DEBUG] 心跳发送成功
[07-29 11:02:41] [DEBUG] 心跳发送成功
[07-29 11:03:23] [DEBUG] 心跳发送成功
[07-29 11:04:04] [DEBUG] 心跳发送成功
[07-29 11:04:45] [DEBUG] 心跳发送成功
[07-29 11:05:26] [DEBUG] 心跳发送成功
[07-29 11:06:08] [DEBUG] 心跳发送成功
[07-29 11:06:49] [DEBUG] 心跳发送成功
[07-29 11:07:30] [DEBUG] 心跳发送成功
[07-29 11:08:12] [DEBUG] 心跳发送成功
[07-29 11:08:53] [DEBUG] 心跳发送成功
[07-29 11:09:34] [DEBUG] 心跳发送成功
[07-29 11:10:15] [DEBUG] 心跳发送成功
[07-29 11:10:57] [DEBUG] 心跳发送成功
[07-29 11:11:38] [DEBUG] 心跳发送成功
[07-29 11:12:19] [DEBUG] 心跳发送成功
[07-29 11:13:00] [DEBUG] 心跳发送成功
[07-29 11:13:42] [DEBUG] 心跳发送成功
[07-29 11:14:23] [DEBUG] 心跳发送成功
[07-29 11:15:04] [DEBUG] 心跳发送成功
[07-29 11:15:45] [DEBUG] 心跳发送成功
[07-29 11:16:27] [DEBUG] 心跳发送成功
[07-29 11:16:52] [WARNING] BOT_WS链接已断开，正在尝试重连……
[07-29 11:16:53] [INFO] 重连成功，机器人继续运行
[07-29 11:17:34] [DEBUG] 心跳发送成功
[07-29 11:18:15] [DEBUG] 心跳发送成功
[07-29 11:18:57] [DEBUG] 心跳发送成功
[07-29 11:19:38] [DEBUG] 心跳发送成功
[07-29 11:20:19] [DEBUG] 心跳发送成功
[07-29 11:21:00] [DEBUG] 心跳发送成功
[07-29 11:21:42] [DEBUG] 心跳发送成功
[07-29 11:22:23] [DEBUG] 心跳发送成功
[07-29 11:23:04] [DEBUG] 心跳发送成功
[07-29 11:23:45] [DEBUG] 心跳发送成功
[07-29 11:24:27] [DEBUG] 心跳发送成功
[07-29 11:25:08] [DEBUG] 心跳发送成功
[07-29 11:25:49] [DEBUG] 心跳发送成功
[07-29 11:26:31] [DEBUG] 心跳发送成功
[07-29 11:27:12] [DEBUG] 心跳发送成功
[07-29 11:27:53] [DEBUG] 心跳发送成功
[07-29 11:28:34] [DEBUG] 心跳发送成功
[07-29 11:29:16] [DEBUG] 心跳发送成功
[07-29 11:29:57] [DEBUG] 心跳发送成功
[07-29 11:30:38] [DEBUG] 心跳发送成功
[07-29 11:31:19] [DEBUG] 心跳发送成功
[07-29 11:32:01] [DEBUG] 心跳发送成功
[07-29 11:32:42] [DEBUG] 心跳发送成功
[07-29 11:33:23] [DEBUG] 心跳发送成功
[07-29 11:34:04] [DEBUG] 心跳发送成功
[07-29 11:34:46] [DEBUG] 心跳发送成功
[07-29 11:35:27] [DEBUG] 心跳发送成功
[07-29 11:36:08] [DEBUG] 心跳发送成功
[07-29 11:36:49] [DEBUG] 心跳发送成功
[07-29 11:37:31] [DEBUG] 心跳发送成功
[07-29 11:38:12] [DEBUG] 心跳发送成功
[07-29 11:38:53] [DEBUG] 心跳发送成功
[07-29 11:39:35] [DEBUG] 心跳发送成功
[07-29 11:40:16] [DEBUG] 心跳发送成功
[07-29 11:40:57] [DEBUG] 心跳发送成功
[07-29 11:41:38] [DEBUG] 心跳发送成功
[07-29 11:42:20] [DEBUG] 心跳发送成功
[07-29 11:43:01] [DEBUG] 心跳发送成功
[07-29 11:43:42] [DEBUG] 心跳发送成功
[07-29 11:44:23] [DEBUG] 心跳发送成功
[07-29 11:45:04] [DEBUG] 心跳发送成功
[07-29 11:45:46] [DEBUG] 心跳发送成功
[07-29 11:46:27] [DEBUG] 心跳发送成功
[07-29 11:46:53] [WARNING] BOT_WS链接已断开，正在尝试重连……
[07-29 11:46:56] [INFO] 重连成功，机器人继续运行
[07-29 11:47:37] [DEBUG] 心跳发送成功
[07-29 11:48:19] [DEBUG] 心跳发送成功
[07-29 11:49:00] [DEBUG] 心跳发送成功
[07-29 11:49:41] [DEBUG] 心跳发送成功
[07-29 11:50:22] [DEBUG] 心跳发送成功
[07-29 11:51:04] [DEBUG] 心跳发送成功
[07-29 11:51:45] [DEBUG] 心跳发送成功
[07-29 11:52:26] [DEBUG] 心跳发送成功
[07-29 11:53:08] [DEBUG] 心跳发送成功
[07-29 11:53:49] [DEBUG] 心跳发送成功
[07-29 11:54:30] [DEBUG] 心跳发送成功
[07-29 11:55:11] [DEBUG] 心跳发送成功
[07-29 11:55:53] [DEBUG] 心跳发送成功
[07-29 11:56:34] [DEBUG] 心跳发送成功
[07-29 11:57:15] [DEBUG] 心跳发送成功
[07-29 11:57:56] [DEBUG] 心跳发送成功
[07-29 11:58:38] [DEBUG] 心跳发送成功
[07-29 11:59:19] [DEBUG] 心跳发送成功
[07-29 12:03:06] [WARNING] BOT_WS链接已断开，正在尝试重连……
[07-29 12:03:09] [INFO] 重连成功，机器人继续运行
[07-29 12:04:13] [WARNING] BOT_WS链接已断开，正在尝试重连……
[07-29 12:04:16] [WARNING] BOT_WS链接已断开，正在尝试重连……
[07-29 12:04:16] [ERROR] ClientConnectorError(ConnectionKey(host='sandbox.api.sgroup.qq.com', port=443, is_ssl=True, ssl=<ssl.SSLContext object at 0x00000236CE84B8C0>, proxy=None, proxy_auth=None, proxy_headers_hash=None), gaierror(11001, 'getaddrinfo failed'))
[07-29 12:04:16] [ERROR] [error:ClientConnectorError(ConnectionKey(host='sandbox.api.sgroup.qq.com', port=443, is_ssl=True, ssl=<ssl.SSLContext object at 0x00000236CE84B8C0>, proxy=None, proxy_auth=None, proxy_headers_hash=None), gaierror(11001, 'getaddrinfo failed'))] File "C:\Users\particle\AppData\Local\Programs\Python\Python39\lib\site-packages\aiohttp\connector.py", line 1187, in _create_direct_connection
[07-29 12:06:20] [INFO] 重连成功，机器人继续运行
[07-29 12:07:01] [DEBUG] 心跳发送成功
[07-29 12:07:42] [DEBUG] 心跳发送成功
[07-29 12:08:24] [DEBUG] 心跳发送成功
[07-29 12:09:05] [DEBUG] 心跳发送成功
[07-29 12:09:47] [DEBUG] 心跳发送成功
[07-29 12:10:27] [DEBUG] 心跳发送成功
[07-29 12:11:09] [DEBUG] 心跳发送成功
[07-29 12:11:50] [DEBUG] 心跳发送成功
[07-29 12:12:31] [DEBUG] 心跳发送成功
[07-29 12:13:13] [DEBUG] 心跳发送成功
[07-29 12:13:54] [DEBUG] 心跳发送成功
[07-29 12:14:35] [DEBUG] 心跳发送成功
[07-29 12:15:16] [DEBUG] 心跳发送成功
[07-29 12:15:57] [DEBUG] 心跳发送成功
[07-29 12:16:39] [DEBUG] 心跳发送成功
[07-29 12:17:20] [DEBUG] 心跳发送成功
[07-29 12:18:01] [DEBUG] 心跳发送成功
[07-29 12:18:43] [DEBUG] 心跳发送成功
[07-29 12:19:24] [DEBUG] 心跳发送成功
[07-29 12:20:05] [DEBUG] 心跳发送成功
[07-29 12:20:46] [DEBUG] 心跳发送成功
[07-29 12:21:27] [DEBUG] 心跳发送成功
[07-29 12:22:09] [DEBUG] 心跳发送成功
[07-29 12:22:50] [DEBUG] 心跳发送成功
[07-29 12:23:31] [DEBUG] 心跳发送成功
[07-29 12:24:12] [DEBUG] 心跳发送成功
[07-29 12:24:54] [DEBUG] 心跳发送成功
[07-29 12:25:35] [DEBUG] 心跳发送成功
[07-29 12:26:17] [DEBUG] 心跳发送成功
[07-29 12:26:57] [DEBUG] 心跳发送成功
[07-29 12:27:39] [DEBUG] 心跳发送成功
[07-29 12:28:20] [DEBUG] 心跳发送成功
[07-29 12:29:01] [DEBUG] 心跳发送成功
[07-29 12:29:43] [DEBUG] 心跳发送成功
[07-29 12:30:24] [DEBUG] 心跳发送成功
[07-29 12:31:05] [DEBUG] 心跳发送成功
[07-29 12:31:46] [DEBUG] 心跳发送成功
[07-29 12:32:28] [DEBUG] 心跳发送成功
[07-29 12:33:09] [DEBUG] 心跳发送成功
[07-29 12:33:50] [DEBUG] 心跳发送成功
[07-29 12:34:31] [DEBUG] 心跳发送成功
[07-29 12:35:13] [DEBUG] 心跳发送成功
[07-29 12:35:54] [DEBUG] 心跳发送成功
[07-29 12:36:20] [WARNING] BOT_WS链接已断开，正在尝试重连……
[07-29 12:36:23] [INFO] 重连成功，机器人继续运行
[07-29 12:37:05] [DEBUG] 心跳发送成功
[07-29 12:37:46] [DEBUG] 心跳发送成功
[07-29 12:38:27] [DEBUG] 心跳发送成功
[07-29 12:39:09] [DEBUG] 心跳发送成功
[07-29 12:39:50] [DEBUG] 心跳发送成功
[07-29 12:40:32] [DEBUG] 心跳发送成功
[07-29 12:41:12] [DEBUG] 心跳发送成功
[07-29 12:41:54] [DEBUG] 心跳发送成功
[07-29 12:42:35] [WARNING] BOT_WS链接已断开，正在尝试重连……
[07-29 12:42:38] [INFO] 重连成功，机器人继续运行
[07-29 12:43:20] [DEBUG] 心跳发送成功
[07-29 12:44:01] [DEBUG] 心跳发送成功
[07-29 12:44:42] [DEBUG] 心跳发送成功
[07-29 12:45:23] [DEBUG] 心跳发送成功
[07-29 12:46:05] [DEBUG] 心跳发送成功
[07-29 12:46:46] [DEBUG] 心跳发送成功
[07-29 12:47:27] [DEBUG] 心跳发送成功
[07-29 12:48:08] [DEBUG] 心跳发送成功
[07-29 12:48:50] [DEBUG] 心跳发送成功
[07-29 12:49:31] [DEBUG] 心跳发送成功
[07-29 12:50:12] [DEBUG] 心跳发送成功
[07-29 12:50:53] [DEBUG] 心跳发送成功
[07-29 12:51:35] [DEBUG] 心跳发送成功
[07-29 12:52:16] [DEBUG] 心跳发送成功
[07-29 12:52:57] [DEBUG] 心跳发送成功
[07-29 12:53:38] [DEBUG] 心跳发送成功
[07-29 12:54:20] [DEBUG] 心跳发送成功
[07-29 12:55:01] [DEBUG] 心跳发送成功
[07-29 12:55:42] [DEBUG] 心跳发送成功
[07-29 12:56:23] [DEBUG] 心跳发送成功
[07-29 12:57:05] [DEBUG] 心跳发送成功
[07-29 12:57:46] [DEBUG] 心跳发送成功
[07-29 12:58:27] [DEBUG] 心跳发送成功
[07-29 12:59:08] [DEBUG] 心跳发送成功
[07-29 13:00:11] [WARNING] BOT_WS链接已断开，正在尝试重连……
[07-29 13:00:15] [INFO] 重连成功，机器人继续运行
[07-29 13:00:56] [DEBUG] 心跳发送成功
[07-29 13:01:37] [DEBUG] 心跳发送成功
[07-29 13:02:18] [DEBUG] 心跳发送成功
[07-29 13:03:00] [DEBUG] 心跳发送成功
[07-29 13:03:41] [DEBUG] 心跳发送成功
[07-29 13:04:22] [DEBUG] 心跳发送成功
[07-29 13:05:03] [DEBUG] 心跳发送成功
[07-29 13:05:45] [DEBUG] 心跳发送成功
[07-29 13:06:26] [DEBUG] 心跳发送成功
[07-29 13:07:07] [DEBUG] 心跳发送成功
[07-29 13:07:48] [DEBUG] 心跳发送成功
[07-29 13:08:30] [DEBUG] 心跳发送成功
[07-29 13:09:11] [DEBUG] 心跳发送成功
[07-29 13:09:52] [DEBUG] 心跳发送成功
[07-29 13:10:33] [DEBUG] 心跳发送成功
[07-29 13:11:15] [DEBUG] 心跳发送成功
[07-29 13:11:56] [DEBUG] 心跳发送成功
[07-29 13:12:56] [WARNING] BOT_WS链接已断开，正在尝试重连……
[07-29 13:13:00] [INFO] 重连成功，机器人继续运行
[07-29 13:13:41] [DEBUG] 心跳发送成功
[07-29 13:14:22] [DEBUG] 心跳发送成功
[07-29 13:15:04] [DEBUG] 心跳发送成功
[07-29 13:15:45] [DEBUG] 心跳发送成功
[07-29 13:16:26] [DEBUG] 心跳发送成功
[07-29 13:17:07] [DEBUG] 心跳发送成功
[07-29 13:17:49] [DEBUG] 心跳发送成功
[07-29 13:18:30] [DEBUG] 心跳发送成功
[07-29 13:19:11] [DEBUG] 心跳发送成功
[07-29 13:19:52] [DEBUG] 心跳发送成功
[07-29 13:20:34] [DEBUG] 心跳发送成功
[07-29 13:21:15] [DEBUG] 心跳发送成功
[07-29 13:21:56] [DEBUG] 心跳发送成功
[07-29 13:22:37] [DEBUG] 心跳发送成功
[07-29 13:23:19] [DEBUG] 心跳发送成功
[07-29 13:24:00] [DEBUG] 心跳发送成功
[07-29 13:24:41] [DEBUG] 心跳发送成功
[07-29 13:25:22] [DEBUG] 心跳发送成功
[07-29 13:26:04] [DEBUG] 心跳发送成功
[07-29 13:26:45] [DEBUG] 心跳发送成功
[07-29 13:27:26] [DEBUG] 心跳发送成功
[07-29 13:28:07] [DEBUG] 心跳发送成功
[07-29 13:28:49] [DEBUG] 心跳发送成功
[07-29 13:29:49] [WARNING] BOT_WS链接已断开，正在尝试重连……
[07-29 13:29:52] [INFO] 重连成功，机器人继续运行
[07-29 13:30:34] [DEBUG] 心跳发送成功
[07-29 13:31:15] [DEBUG] 心跳发送成功
[07-29 13:31:56] [DEBUG] 心跳发送成功
[07-29 13:32:38] [DEBUG] 心跳发送成功
[07-29 13:33:19] [DEBUG] 心跳发送成功
[07-29 13:34:00] [DEBUG] 心跳发送成功
[07-29 13:34:41] [DEBUG] 心跳发送成功
[07-29 13:35:23] [DEBUG] 心跳发送成功
[07-29 13:36:04] [DEBUG] 心跳发送成功
[07-29 13:36:45] [DEBUG] 心跳发送成功
[07-29 13:37:26] [DEBUG] 心跳发送成功
[07-29 13:38:08] [DEBUG] 心跳发送成功
[07-29 13:38:49] [DEBUG] 心跳发送成功
[07-29 13:39:30] [DEBUG] 心跳发送成功
[07-29 13:40:11] [DEBUG] 心跳发送成功
[07-29 13:40:53] [DEBUG] 心跳发送成功
[07-29 13:41:34] [DEBUG] 心跳发送成功
[07-29 13:42:15] [DEBUG] 心跳发送成功
[07-29 13:42:56] [DEBUG] 心跳发送成功
[07-29 13:43:38] [DEBUG] 心跳发送成功
[07-29 13:44:19] [DEBUG] 心跳发送成功
[07-29 13:45:00] [DEBUG] 心跳发送成功
[07-29 13:45:41] [DEBUG] 心跳发送成功
[07-29 13:46:23] [DEBUG] 心跳发送成功
[07-29 13:47:04] [DEBUG] 心跳发送成功
[07-29 13:47:45] [DEBUG] 心跳发送成功
[07-29 13:48:26] [DEBUG] 心跳发送成功
[07-29 13:49:08] [DEBUG] 心跳发送成功
[07-29 13:49:49] [DEBUG] 心跳发送成功
[07-29 13:50:30] [DEBUG] 心跳发送成功
[07-29 13:51:12] [DEBUG] 心跳发送成功
[07-29 13:51:53] [DEBUG] 心跳发送成功
[07-29 13:52:34] [DEBUG] 心跳发送成功
[07-29 13:53:15] [DEBUG] 心跳发送成功
[07-29 13:53:57] [DEBUG] 心跳发送成功
[07-29 13:54:38] [DEBUG] 心跳发送成功
[07-29 13:55:19] [DEBUG] 心跳发送成功
[07-29 13:56:00] [DEBUG] 心跳发送成功
[07-29 13:56:42] [DEBUG] 心跳发送成功
[07-29 13:57:23] [DEBUG] 心跳发送成功
[07-29 13:58:04] [DEBUG] 心跳发送成功
[07-29 13:58:45] [DEBUG] 心跳发送成功
[07-29 13:59:27] [DEBUG] 心跳发送成功
[07-29 13:59:52] [WARNING] BOT_WS链接已断开，正在尝试重连……
[07-29 13:59:56] [INFO] 重连成功，机器人继续运行
[07-29 14:00:37] [DEBUG] 心跳发送成功
[07-29 14:01:18] [DEBUG] 心跳发送成功
[07-29 14:02:00] [DEBUG] 心跳发送成功
[07-29 14:02:41] [DEBUG] 心跳发送成功
[07-29 14:03:22] [DEBUG] 心跳发送成功
[07-29 14:04:03] [DEBUG] 心跳发送成功
[07-29 14:04:45] [DEBUG] 心跳发送成功
[07-29 14:05:26] [DEBUG] 心跳发送成功
[07-29 14:06:07] [DEBUG] 心跳发送成功
[07-29 14:06:48] [DEBUG] 心跳发送成功
[07-29 14:07:30] [DEBUG] 心跳发送成功
[07-29 14:08:11] [DEBUG] 心跳发送成功
[07-29 14:08:52] [DEBUG] 心跳发送成功
[07-29 14:09:33] [DEBUG] 心跳发送成功
[07-29 14:10:15] [DEBUG] 心跳发送成功
[07-29 14:10:56] [DEBUG] 心跳发送成功
[07-29 14:11:37] [DEBUG] 心跳发送成功
[07-29 14:12:18] [DEBUG] 心跳发送成功
[07-29 14:13:00] [DEBUG] 心跳发送成功
[07-29 14:13:41] [DEBUG] 心跳发送成功
[07-29 14:14:22] [DEBUG] 心跳发送成功
[07-29 14:15:04] [DEBUG] 心跳发送成功
[07-29 14:15:45] [DEBUG] 心跳发送成功
[07-29 14:16:26] [DEBUG] 心跳发送成功
[07-29 14:17:07] [DEBUG] 心跳发送成功
[07-29 14:17:49] [DEBUG] 心跳发送成功
[07-29 14:18:30] [DEBUG] 心跳发送成功
[07-29 14:19:11] [DEBUG] 心跳发送成功
[07-29 14:19:52] [DEBUG] 心跳发送成功
[07-29 14:20:34] [DEBUG] 心跳发送成功
[07-29 14:21:15] [DEBUG] 心跳发送成功
[07-29 14:21:56] [DEBUG] 心跳发送成功
[07-29 14:22:37] [DEBUG] 心跳发送成功
[07-29 14:23:19] [DEBUG] 心跳发送成功
[07-29 14:24:00] [DEBUG] 心跳发送成功
[07-29 14:24:41] [DEBUG] 心跳发送成功
[07-29 14:25:22] [DEBUG] 心跳发送成功
[07-29 14:26:04] [DEBUG] 心跳发送成功
[07-29 14:26:45] [DEBUG] 心跳发送成功
[07-29 14:27:26] [DEBUG] 心跳发送成功
[07-29 14:28:07] [DEBUG] 心跳发送成功
[07-29 14:28:49] [DEBUG] 心跳发送成功
[07-29 14:29:30] [DEBUG] 心跳发送成功
[07-29 14:29:56] [WARNING] BOT_WS链接已断开，正在尝试重连……
[07-29 14:29:59] [INFO] 重连成功，机器人继续运行
[07-29 14:30:40] [DEBUG] 心跳发送成功
[07-29 14:31:22] [DEBUG] 心跳发送成功
[07-29 14:32:03] [DEBUG] 心跳发送成功
[07-29 14:32:44] [DEBUG] 心跳发送成功
[07-29 14:33:26] [DEBUG] 心跳发送成功
[07-29 14:34:07] [DEBUG] 心跳发送成功
[07-29 14:34:48] [DEBUG] 心跳发送成功
[07-29 14:35:29] [DEBUG] 心跳发送成功
[07-29 14:36:10] [DEBUG] 心跳发送成功
[07-29 14:36:52] [DEBUG] 心跳发送成功
[07-29 14:37:33] [DEBUG] 心跳发送成功
[07-29 14:38:14] [DEBUG] 心跳发送成功
[07-29 14:38:56] [DEBUG] 心跳发送成功
[07-29 14:39:37] [DEBUG] 心跳发送成功
[07-29 14:40:18] [DEBUG] 心跳发送成功
[07-29 14:40:59] [DEBUG] 心跳发送成功
[07-29 14:41:41] [DEBUG] 心跳发送成功
[07-29 14:42:22] [DEBUG] 心跳发送成功
[07-29 14:43:03] [DEBUG] 心跳发送成功
[07-29 14:43:44] [DEBUG] 心跳发送成功
[07-29 14:44:26] [DEBUG] 心跳发送成功
[07-29 14:45:07] [DEBUG] 心跳发送成功
[07-29 14:45:48] [DEBUG] 心跳发送成功
[07-29 14:46:29] [DEBUG] 心跳发送成功
[07-29 14:47:11] [DEBUG] 心跳发送成功
[07-29 14:47:52] [DEBUG] 心跳发送成功
[07-29 14:48:33] [DEBUG] 心跳发送成功
[07-29 14:49:14] [DEBUG] 心跳发送成功
[07-29 14:49:56] [DEBUG] 心跳发送成功
[07-29 14:50:37] [DEBUG] 心跳发送成功
[07-29 14:51:18] [DEBUG] 心跳发送成功
[07-29 14:51:59] [DEBUG] 心跳发送成功
[07-29 14:52:41] [DEBUG] 心跳发送成功
[07-29 14:53:22] [DEBUG] 心跳发送成功
[07-29 14:54:03] [DEBUG] 心跳发送成功
[07-29 14:54:44] [DEBUG] 心跳发送成功
[07-29 14:55:26] [DEBUG] 心跳发送成功
[07-29 14:56:07] [DEBUG] 心跳发送成功
[07-29 14:56:48] [DEBUG] 心跳发送成功
[07-29 14:57:29] [DEBUG] 心跳发送成功
[07-29 14:58:11] [DEBUG] 心跳发送成功
[07-29 14:59:11] [WARNING] BOT_WS链接已断开，正在尝试重连……
[07-29 14:59:14] [INFO] 重连成功，机器人继续运行
[07-29 14:59:56] [DEBUG] 心跳发送成功
[07-29 15:00:37] [DEBUG] 心跳发送成功
[07-29 15:01:18] [DEBUG] 心跳发送成功
[07-29 15:02:00] [DEBUG] 心跳发送成功
[07-29 15:02:41] [DEBUG] 心跳发送成功
[07-29 15:03:22] [DEBUG] 心跳发送成功
[07-29 15:04:03] [DEBUG] 心跳发送成功
[07-29 15:04:45] [DEBUG] 心跳发送成功
[07-29 15:05:26] [DEBUG] 心跳发送成功
[07-29 15:06:07] [DEBUG] 心跳发送成功
[07-29 15:06:48] [DEBUG] 心跳发送成功
[07-29 15:07:30] [DEBUG] 心跳发送成功
[07-29 15:08:11] [DEBUG] 心跳发送成功
[07-29 15:08:52] [DEBUG] 心跳发送成功
[07-29 15:09:33] [DEBUG] 心跳发送成功
[07-29 15:10:15] [DEBUG] 心跳发送成功
[07-29 15:10:56] [DEBUG] 心跳发送成功
[07-29 15:11:37] [DEBUG] 心跳发送成功
[07-29 15:12:19] [DEBUG] 心跳发送成功
[07-29 15:13:00] [DEBUG] 心跳发送成功
[07-29 15:13:41] [DEBUG] 心跳发送成功
[07-29 15:14:22] [DEBUG] 心跳发送成功
[07-29 15:15:04] [DEBUG] 心跳发送成功
[07-29 15:15:45] [DEBUG] 心跳发送成功
[07-29 15:16:26] [DEBUG] 心跳发送成功
[07-29 15:17:07] [DEBUG] 心跳发送成功
[07-29 15:17:49] [DEBUG] 心跳发送成功
[07-29 15:18:30] [DEBUG] 心跳发送成功
[07-29 15:19:11] [DEBUG] 心跳发送成功
[07-29 15:19:52] [DEBUG] 心跳发送成功
[07-29 15:20:34] [DEBUG] 心跳发送成功
[07-29 15:21:15] [DEBUG] 心跳发送成功
[07-29 15:21:56] [DEBUG] 心跳发送成功
[07-29 15:22:37] [DEBUG] 心跳发送成功
[07-29 15:23:19] [DEBUG] 心跳发送成功
[07-29 15:24:00] [DEBUG] 心跳发送成功
[07-29 15:24:41] [DEBUG] 心跳发送成功
[07-29 15:25:23] [DEBUG] 心跳发送成功
[07-29 15:26:04] [DEBUG] 心跳发送成功
[07-29 15:26:45] [DEBUG] 心跳发送成功
[07-29 15:27:26] [DEBUG] 心跳发送成功
[07-29 15:28:08] [DEBUG] 心跳发送成功
[07-29 15:28:49] [DEBUG] 心跳发送成功
[07-29 15:29:14] [WARNING] BOT_WS链接已断开，正在尝试重连……
[07-29 15:29:18] [INFO] 重连成功，机器人继续运行
[07-29 15:30:00] [DEBUG] 心跳发送成功
[07-29 15:30:41] [DEBUG] 心跳发送成功
[07-29 15:31:22] [DEBUG] 心跳发送成功
[07-29 15:32:03] [DEBUG] 心跳发送成功
[07-29 15:32:45] [DEBUG] 心跳发送成功
[07-29 15:33:26] [DEBUG] 心跳发送成功
[07-29 15:34:07] [DEBUG] 心跳发送成功
[07-29 15:34:48] [DEBUG] 心跳发送成功
[07-29 15:35:29] [DEBUG] 心跳发送成功
[07-29 15:36:11] [DEBUG] 心跳发送成功
[07-29 15:37:11] [WARNING] BOT_WS链接已断开，正在尝试重连……
[07-29 15:37:15] [INFO] 重连成功，机器人继续运行
[07-29 15:37:56] [DEBUG] 心跳发送成功
[07-29 15:38:37] [DEBUG] 心跳发送成功
[07-29 15:39:19] [DEBUG] 心跳发送成功
[07-29 15:40:00] [DEBUG] 心跳发送成功
[07-29 15:40:41] [DEBUG] 心跳发送成功
[07-29 15:41:23] [DEBUG] 心跳发送成功
[07-29 15:42:04] [DEBUG] 心跳发送成功
[07-29 15:42:45] [DEBUG] 心跳发送成功
[07-29 15:43:26] [DEBUG] 心跳发送成功
[07-29 15:44:08] [DEBUG] 心跳发送成功
[07-29 15:44:49] [DEBUG] 心跳发送成功
[07-29 15:45:30] [DEBUG] 心跳发送成功
[07-29 15:46:11] [DEBUG] 心跳发送成功
[07-29 15:46:53] [DEBUG] 心跳发送成功
[07-29 15:47:34] [DEBUG] 心跳发送成功
[07-29 15:48:15] [DEBUG] 心跳发送成功
[07-29 15:48:57] [DEBUG] 心跳发送成功
[07-29 15:49:38] [DEBUG] 心跳发送成功
[07-29 15:50:19] [DEBUG] 心跳发送成功
[07-29 15:51:00] [DEBUG] 心跳发送成功
[07-29 15:51:41] [DEBUG] 心跳发送成功
[07-29 15:52:23] [DEBUG] 心跳发送成功
[07-29 15:53:04] [DEBUG] 心跳发送成功
[07-29 15:53:45] [DEBUG] 心跳发送成功
[07-29 15:54:26] [DEBUG] 心跳发送成功
[07-29 15:55:08] [DEBUG] 心跳发送成功
[07-29 15:55:49] [DEBUG] 心跳发送成功
[07-29 15:56:30] [DEBUG] 心跳发送成功
[07-29 15:57:11] [DEBUG] 心跳发送成功
[07-29 15:57:53] [DEBUG] 心跳发送成功
[07-29 15:58:34] [DEBUG] 心跳发送成功
[07-29 15:59:15] [DEBUG] 心跳发送成功
[07-29 15:59:56] [DEBUG] 心跳发送成功
[07-29 16:00:38] [DEBUG] 心跳发送成功
[07-29 16:01:19] [DEBUG] 心跳发送成功
[07-29 16:02:00] [DEBUG] 心跳发送成功
[07-29 16:02:41] [DEBUG] 心跳发送成功
[07-29 16:03:23] [DEBUG] 心跳发送成功
[07-29 16:04:04] [DEBUG] 心跳发送成功
[07-29 16:04:45] [DEBUG] 心跳发送成功
[07-29 16:05:27] [DEBUG] 心跳发送成功
[07-29 16:06:08] [DEBUG] 心跳发送成功
[07-29 16:06:49] [DEBUG] 心跳发送成功
[07-29 16:07:15] [WARNING] BOT_WS链接已断开，正在尝试重连……
[07-29 16:07:18] [INFO] 重连成功，机器人继续运行
[07-29 16:08:00] [DEBUG] 心跳发送成功
[07-29 16:08:41] [DEBUG] 心跳发送成功
[07-29 16:09:22] [DEBUG] 心跳发送成功
[07-29 16:10:03] [DEBUG] 心跳发送成功
[07-29 16:10:45] [DEBUG] 心跳发送成功
[07-29 16:11:26] [DEBUG] 心跳发送成功
[07-29 16:12:07] [DEBUG] 心跳发送成功
[07-29 16:12:49] [DEBUG] 心跳发送成功
[07-29 16:13:30] [DEBUG] 心跳发送成功
[07-29 16:14:11] [DEBUG] 心跳发送成功
[07-29 16:14:52] [DEBUG] 心跳发送成功
[07-29 16:15:34] [DEBUG] 心跳发送成功
[07-29 16:16:15] [DEBUG] 心跳发送成功
[07-29 16:16:56] [DEBUG] 心跳发送成功
[07-29 16:17:37] [DEBUG] 心跳发送成功
[07-29 16:18:19] [DEBUG] 心跳发送成功
[07-29 16:19:00] [DEBUG] 心跳发送成功
[07-29 16:19:41] [DEBUG] 心跳发送成功
[07-29 16:20:22] [DEBUG] 心跳发送成功
[07-29 16:21:04] [DEBUG] 心跳发送成功
[07-29 16:21:45] [DEBUG] 心跳发送成功
[07-29 16:22:26] [DEBUG] 心跳发送成功
[07-29 16:23:07] [DEBUG] 心跳发送成功
[07-29 16:23:49] [DEBUG] 心跳发送成功
[07-29 16:24:30] [DEBUG] 心跳发送成功
[07-29 16:25:11] [DEBUG] 心跳发送成功
[07-29 16:25:52] [DEBUG] 心跳发送成功
[07-29 16:26:34] [DEBUG] 心跳发送成功
[07-29 16:27:15] [DEBUG] 心跳发送成功
[07-29 16:27:56] [DEBUG] 心跳发送成功
[07-29 16:28:37] [DEBUG] 心跳发送成功
[07-29 16:29:19] [DEBUG] 心跳发送成功
[07-29 16:30:19] [WARNING] BOT_WS链接已断开，正在尝试重连……
[07-29 16:30:23] [INFO] 重连成功，机器人继续运行
[07-29 16:31:04] [DEBUG] 心跳发送成功
[07-29 16:31:46] [DEBUG] 心跳发送成功
[07-29 16:32:27] [DEBUG] 心跳发送成功
[07-29 16:33:08] [DEBUG] 心跳发送成功
[07-29 16:33:49] [DEBUG] 心跳发送成功
[07-29 16:34:30] [DEBUG] 心跳发送成功
[07-29 16:35:12] [DEBUG] 心跳发送成功
[07-29 16:35:53] [DEBUG] 心跳发送成功
[07-29 16:36:34] [DEBUG] 心跳发送成功
[07-29 16:37:15] [DEBUG] 心跳发送成功
[07-29 16:37:57] [DEBUG] 心跳发送成功
[07-29 16:38:38] [DEBUG] 心跳发送成功
[07-29 16:39:19] [DEBUG] 心跳发送成功
[07-29 16:40:00] [DEBUG] 心跳发送成功
[07-29 16:40:42] [DEBUG] 心跳发送成功
[07-29 16:41:23] [DEBUG] 心跳发送成功
[07-29 16:42:04] [DEBUG] 心跳发送成功
[07-29 16:42:45] [DEBUG] 心跳发送成功
[07-29 16:43:27] [DEBUG] 心跳发送成功
[07-29 16:44:08] [DEBUG] 心跳发送成功
[07-29 16:44:49] [DEBUG] 心跳发送成功
[07-29 16:45:30] [DEBUG] 心跳发送成功
[07-29 16:46:12] [DEBUG] 心跳发送成功
[07-29 16:46:53] [DEBUG] 心跳发送成功
[07-29 16:47:34] [DEBUG] 心跳发送成功
[07-29 16:48:15] [DEBUG] 心跳发送成功
[07-29 16:48:57] [DEBUG] 心跳发送成功
[07-29 16:49:38] [DEBUG] 心跳发送成功
[07-29 16:50:19] [DEBUG] 心跳发送成功
[07-29 16:51:00] [DEBUG] 心跳发送成功
[07-29 16:51:42] [DEBUG] 心跳发送成功
[07-29 16:52:23] [DEBUG] 心跳发送成功
[07-29 16:53:04] [DEBUG] 心跳发送成功
[07-29 16:53:45] [DEBUG] 心跳发送成功
[07-29 16:54:27] [DEBUG] 心跳发送成功
[07-29 16:55:08] [DEBUG] 心跳发送成功
[07-29 16:55:49] [DEBUG] 心跳发送成功
[07-29 16:56:31] [DEBUG] 心跳发送成功
[07-29 16:57:12] [DEBUG] 心跳发送成功
[07-29 16:57:53] [WARNING] BOT_WS链接已断开，正在尝试重连……
[07-29 16:57:58] [INFO] 重连成功，机器人继续运行
[07-29 16:58:39] [DEBUG] 心跳发送成功
[07-29 16:59:20] [DEBUG] 心跳发送成功
[07-29 17:00:02] [DEBUG] 心跳发送成功
[07-29 17:00:43] [DEBUG] 心跳发送成功
[07-29 17:01:24] [DEBUG] 心跳发送成功
[07-29 17:02:05] [DEBUG] 心跳发送成功
[07-29 17:02:47] [DEBUG] 心跳发送成功
[07-29 17:03:28] [DEBUG] 心跳发送成功
[07-29 17:04:09] [DEBUG] 心跳发送成功
[07-29 17:04:50] [DEBUG] 心跳发送成功
[07-29 17:05:32] [DEBUG] 心跳发送成功
[07-29 17:06:13] [DEBUG] 心跳发送成功
[07-29 17:06:54] [DEBUG] 心跳发送成功
[07-29 17:07:35] [DEBUG] 心跳发送成功
[07-29 17:08:17] [DEBUG] 心跳发送成功
[07-29 17:08:58] [DEBUG] 心跳发送成功
[07-29 17:09:39] [DEBUG] 心跳发送成功
[07-29 17:10:21] [DEBUG] 心跳发送成功
[07-29 17:11:02] [DEBUG] 心跳发送成功
[07-29 17:11:43] [DEBUG] 心跳发送成功
[07-29 17:12:24] [DEBUG] 心跳发送成功
[07-29 17:13:05] [DEBUG] 心跳发送成功
[07-29 17:13:47] [DEBUG] 心跳发送成功
[07-29 17:14:28] [DEBUG] 心跳发送成功
[07-29 17:15:09] [DEBUG] 心跳发送成功
[07-29 17:15:51] [DEBUG] 心跳发送成功
[07-29 17:16:32] [DEBUG] 心跳发送成功
[07-29 17:17:13] [DEBUG] 心跳发送成功
[07-29 17:17:54] [DEBUG] 心跳发送成功
[07-29 17:18:36] [DEBUG] 心跳发送成功
[07-29 17:19:17] [DEBUG] 心跳发送成功
[07-29 17:19:58] [DEBUG] 心跳发送成功
[07-29 17:20:39] [DEBUG] 心跳发送成功
[07-29 17:21:21] [DEBUG] 心跳发送成功
[07-29 17:22:02] [DEBUG] 心跳发送成功
[07-29 17:22:43] [DEBUG] 心跳发送成功
[07-29 17:23:24] [DEBUG] 心跳发送成功
[07-29 17:24:06] [DEBUG] 心跳发送成功
[07-29 17:24:47] [DEBUG] 心跳发送成功
[07-29 17:25:28] [DEBUG] 心跳发送成功
[07-29 17:26:09] [DEBUG] 心跳发送成功
[07-29 17:26:51] [DEBUG] 心跳发送成功
[07-29 17:27:32] [DEBUG] 心跳发送成功
[07-29 17:27:58] [WARNING] BOT_WS链接已断开，正在尝试重连……
[07-29 17:28:01] [INFO] 重连成功，机器人继续运行
[07-29 17:28:43] [DEBUG] 心跳发送成功
[07-29 17:29:24] [DEBUG] 心跳发送成功
[07-29 17:30:05] [DEBUG] 心跳发送成功
[07-29 17:30:46] [DEBUG] 心跳发送成功
[07-29 17:31:28] [DEBUG] 心跳发送成功
[07-29 17:32:09] [DEBUG] 心跳发送成功
[07-29 17:32:50] [DEBUG] 心跳发送成功
[07-29 17:33:31] [DEBUG] 心跳发送成功
[07-29 17:34:13] [DEBUG] 心跳发送成功
[07-29 17:34:54] [DEBUG] 心跳发送成功
[07-29 17:35:35] [DEBUG] 心跳发送成功
[07-29 17:36:17] [DEBUG] 心跳发送成功
[07-29 17:36:58] [DEBUG] 心跳发送成功
[07-29 17:37:39] [DEBUG] 心跳发送成功
[07-29 17:38:20] [DEBUG] 心跳发送成功
[07-29 17:39:02] [DEBUG] 心跳发送成功
[07-29 17:39:43] [DEBUG] 心跳发送成功
[07-29 17:40:24] [DEBUG] 心跳发送成功
[07-29 17:41:05] [DEBUG] 心跳发送成功
[07-29 17:41:47] [DEBUG] 心跳发送成功
[07-29 17:42:28] [DEBUG] 心跳发送成功
[07-29 17:43:09] [DEBUG] 心跳发送成功
[07-29 17:43:50] [DEBUG] 心跳发送成功
[07-29 17:44:32] [DEBUG] 心跳发送成功
[07-29 17:45:13] [DEBUG] 心跳发送成功
[07-29 17:45:54] [DEBUG] 心跳发送成功
[07-29 17:46:35] [DEBUG] 心跳发送成功
[07-29 17:47:17] [DEBUG] 心跳发送成功
[07-29 17:47:58] [DEBUG] 心跳发送成功
[07-29 17:48:39] [DEBUG] 心跳发送成功
[07-29 17:49:20] [DEBUG] 心跳发送成功
[07-29 17:50:02] [DEBUG] 心跳发送成功
[07-29 17:50:43] [DEBUG] 心跳发送成功
[07-29 17:51:24] [DEBUG] 心跳发送成功
[07-29 17:52:05] [WARNING] BOT_WS链接已断开，正在尝试重连……
[07-29 17:52:09] [INFO] 重连成功，机器人继续运行
[07-29 17:52:50] [DEBUG] 心跳发送成功
[07-29 17:53:32] [DEBUG] 心跳发送成功
[07-29 17:54:13] [DEBUG] 心跳发送成功
[07-29 17:54:54] [DEBUG] 心跳发送成功
[07-29 17:55:35] [DEBUG] 心跳发送成功
[07-29 17:56:17] [DEBUG] 心跳发送成功
[07-29 17:56:58] [DEBUG] 心跳发送成功
[07-29 17:57:39] [DEBUG] 心跳发送成功
[07-29 17:58:20] [DEBUG] 心跳发送成功
[07-29 17:59:02] [DEBUG] 心跳发送成功
[07-29 17:59:43] [DEBUG] 心跳发送成功
[07-29 18:00:24] [DEBUG] 心跳发送成功
[07-29 18:01:05] [DEBUG] 心跳发送成功
[07-29 18:01:47] [DEBUG] 心跳发送成功
[07-29 19:06:41] [WARNING] BOT_WS链接已断开，正在尝试重连……
[07-29 19:06:44] [WARNING] BOT_WS链接已断开，正在尝试重连……
[07-29 19:06:44] [ERROR] ClientConnectorError(ConnectionKey(host='sandbox.api.sgroup.qq.com', port=443, is_ssl=True, ssl=<ssl.SSLContext object at 0x00000236CE84B8C0>, proxy=None, proxy_auth=None, proxy_headers_hash=None), gaierror(11001, 'getaddrinfo failed'))
[07-29 19:06:44] [ERROR] [error:ClientConnectorError(ConnectionKey(host='sandbox.api.sgroup.qq.com', port=443, is_ssl=True, ssl=<ssl.SSLContext object at 0x00000236CE84B8C0>, proxy=None, proxy_auth=None, proxy_headers_hash=None), gaierror(11001, 'getaddrinfo failed'))] File "C:\Users\particle\AppData\Local\Programs\Python\Python39\lib\site-packages\aiohttp\connector.py", line 1187, in _create_direct_connection
[07-29 19:06:48] [INFO] 重连成功，机器人继续运行
[07-29 19:07:29] [DEBUG] 心跳发送成功
[07-29 19:08:11] [DEBUG] 心跳发送成功
[07-29 19:08:52] [DEBUG] 心跳发送成功
[07-29 19:09:33] [DEBUG] 心跳发送成功
[07-29 19:10:14] [DEBUG] 心跳发送成功
[07-29 19:10:55] [DEBUG] 心跳发送成功
[07-29 19:11:37] [DEBUG] 心跳发送成功
[07-29 19:12:18] [DEBUG] 心跳发送成功
[07-29 19:12:59] [DEBUG] 心跳发送成功
[07-29 19:13:40] [DEBUG] 心跳发送成功
[07-29 19:14:22] [WARNING] BOT_WS链接已断开，正在尝试重连……
[07-29 19:14:26] [INFO] 重连成功，机器人继续运行
[07-29 19:15:08] [DEBUG] 心跳发送成功
[07-29 19:15:49] [DEBUG] 心跳发送成功
[07-29 19:16:30] [DEBUG] 心跳发送成功
[07-29 19:17:11] [DEBUG] 心跳发送成功
[07-29 19:17:53] [DEBUG] 心跳发送成功
[07-29 19:18:34] [DEBUG] 心跳发送成功
[07-29 19:19:15] [DEBUG] 心跳发送成功
[07-29 19:19:56] [DEBUG] 心跳发送成功
[07-29 19:20:38] [DEBUG] 心跳发送成功
[07-29 19:21:19] [DEBUG] 心跳发送成功
[07-29 19:22:00] [DEBUG] 心跳发送成功
[07-29 19:22:41] [DEBUG] 心跳发送成功
[07-29 19:23:23] [DEBUG] 心跳发送成功
[07-29 19:24:04] [DEBUG] 心跳发送成功
[07-29 19:24:45] [DEBUG] 心跳发送成功
[07-29 19:25:26] [DEBUG] 心跳发送成功
[07-29 19:26:08] [DEBUG] 心跳发送成功
[07-29 19:26:49] [DEBUG] 心跳发送成功
[07-29 19:27:30] [DEBUG] 心跳发送成功
[07-29 19:28:11] [DEBUG] 心跳发送成功
[07-29 19:28:53] [DEBUG] 心跳发送成功
[07-29 19:29:34] [DEBUG] 心跳发送成功
[07-29 19:30:15] [DEBUG] 心跳发送成功
[07-29 19:30:56] [DEBUG] 心跳发送成功
[07-29 19:31:38] [DEBUG] 心跳发送成功
[07-29 19:32:19] [DEBUG] 心跳发送成功
[07-29 19:33:00] [DEBUG] 心跳发送成功
[07-29 19:33:41] [DEBUG] 心跳发送成功
[07-29 19:34:23] [DEBUG] 心跳发送成功
[07-29 19:35:04] [DEBUG] 心跳发送成功
[07-29 19:35:45] [DEBUG] 心跳发送成功
[07-29 19:36:27] [DEBUG] 心跳发送成功
[07-29 19:37:08] [DEBUG] 心跳发送成功
[07-29 19:37:49] [DEBUG] 心跳发送成功
