[07-31 10:30:33] [INFO] 已开启沙箱环境，发送消息时将频道方将自动添加[sandbox]字样，如需关闭请传参is_sandbox=False
[07-31 10:30:33] [INFO] Session Manager 读取了 D:\code\qqbot0729\session_data 的数据
[07-31 10:30:33] [INFO] 消息（所有消息）接收函数订阅成功
[07-31 10:30:34] [DEBUG] [机器人ws地址] wss://sandbox.api.sgroup.qq.com/websocket
[07-31 10:30:34] [INFO] 连接成功，机器人开始运行
[07-31 10:30:35] [INFO] 机器人频道用户ID：16339539897453438804
[07-31 10:31:15] [DEBUG] 心跳发送成功
[07-31 10:31:57] [DEBUG] 心跳发送成功
[07-31 10:32:24] [INFO] 已开启沙箱环境，发送消息时将频道方将自动添加[sandbox]字样，如需关闭请传参is_sandbox=False
[07-31 10:32:24] [INFO] Session Manager 读取了 D:\code\qqbot0729\session_data 的数据
[07-31 10:32:24] [INFO] 消息（所有消息）接收函数订阅成功
[07-31 10:32:25] [DEBUG] [机器人ws地址] wss://sandbox.api.sgroup.qq.com/websocket
[07-31 10:32:26] [INFO] 连接成功，机器人开始运行
[07-31 10:32:26] [INFO] 机器人频道用户ID：16339539897453438804
[07-31 10:33:07] [DEBUG] 心跳发送成功
[07-31 10:33:48] [DEBUG] 心跳发送成功
[07-31 10:33:58] [INFO] 已开启沙箱环境，发送消息时将频道方将自动添加[sandbox]字样，如需关闭请传参is_sandbox=False
[07-31 10:33:58] [INFO] Session Manager 读取了 D:\code\qqbot0729\session_data 的数据
[07-31 10:33:58] [INFO] 消息（所有消息）接收函数订阅成功
[07-31 10:33:59] [DEBUG] [机器人ws地址] wss://sandbox.api.sgroup.qq.com/websocket
[07-31 10:34:00] [INFO] 连接成功，机器人开始运行
[07-31 10:34:00] [INFO] 机器人频道用户ID：16339539897453438804
[07-31 10:34:39] [INFO] 已开启沙箱环境，发送消息时将频道方将自动添加[sandbox]字样，如需关闭请传参is_sandbox=False
[07-31 10:34:39] [INFO] Session Manager 读取了 D:\code\qqbot0729\session_data 的数据
[07-31 10:34:39] [INFO] 消息（所有消息）接收函数订阅成功
[07-31 10:34:40] [DEBUG] [机器人ws地址] wss://sandbox.api.sgroup.qq.com/websocket
[07-31 10:34:41] [INFO] 连接成功，机器人开始运行
[07-31 10:34:41] [INFO] 机器人频道用户ID：16339539897453438804
[07-31 10:35:22] [DEBUG] 心跳发送成功
[07-31 10:36:03] [DEBUG] 心跳发送成功
[07-31 10:36:39] [INFO] 已开启沙箱环境，发送消息时将频道方将自动添加[sandbox]字样，如需关闭请传参is_sandbox=False
[07-31 10:36:39] [INFO] Session Manager 读取了 D:\code\qqbot0729\session_data 的数据
[07-31 10:36:39] [INFO] 消息（所有消息）接收函数订阅成功
[07-31 10:36:39] [DEBUG] [机器人ws地址] wss://sandbox.api.sgroup.qq.com/websocket
[07-31 10:36:40] [INFO] 连接成功，机器人开始运行
[07-31 10:36:41] [INFO] 机器人频道用户ID：16339539897453438804
[07-31 10:36:50] [ERROR] TypeError('can only concatenate str (not "dict") to str')
[07-31 10:36:50] [ERROR] [error:TypeError('can only concatenate str (not "dict") to str')] File "d:\code\qqbot0729\robot.py", line 59, in deliver
[07-31 10:37:19] [INFO] 已开启沙箱环境，发送消息时将频道方将自动添加[sandbox]字样，如需关闭请传参is_sandbox=False
[07-31 10:37:19] [INFO] Session Manager 读取了 D:\code\qqbot0729\session_data 的数据
[07-31 10:37:19] [INFO] 消息（所有消息）接收函数订阅成功
[07-31 10:37:19] [DEBUG] [机器人ws地址] wss://sandbox.api.sgroup.qq.com/websocket
[07-31 10:37:20] [INFO] 连接成功，机器人开始运行
[07-31 10:37:20] [INFO] 机器人频道用户ID：16339539897453438804
[07-31 10:38:01] [DEBUG] 心跳发送成功
[07-31 10:38:42] [DEBUG] 心跳发送成功
[07-31 10:39:06] [ERROR] KeyError('补课年级')
[07-31 10:39:06] [ERROR] [error:KeyError('补课年级')] File "d:\code\qqbot0729\robot.py", line 37, in translate
[07-31 10:39:23] [DEBUG] 心跳发送成功
[07-31 10:40:05] [DEBUG] 心跳发送成功
[07-31 10:40:46] [DEBUG] 心跳发送成功
[07-31 10:40:56] [ERROR] KeyError('补课年级')
[07-31 10:40:56] [ERROR] [error:KeyError('补课年级')] File "d:\code\qqbot0729\robot.py", line 37, in translate
[07-31 10:41:27] [DEBUG] 心跳发送成功
[07-31 10:42:07] [INFO] 已开启沙箱环境，发送消息时将频道方将自动添加[sandbox]字样，如需关闭请传参is_sandbox=False
[07-31 10:42:07] [INFO] Session Manager 读取了 D:\code\qqbot0729\session_data 的数据
[07-31 10:42:07] [INFO] 消息（所有消息）接收函数订阅成功
[07-31 10:42:07] [DEBUG] [机器人ws地址] wss://sandbox.api.sgroup.qq.com/websocket
[07-31 10:42:08] [INFO] 连接成功，机器人开始运行
[07-31 10:42:08] [INFO] 机器人频道用户ID：16339539897453438804
[07-31 10:42:49] [DEBUG] 心跳发送成功
[07-31 10:43:30] [DEBUG] 心跳发送成功
[07-31 10:44:12] [DEBUG] 心跳发送成功
[07-31 10:44:48] [INFO] 已开启沙箱环境，发送消息时将频道方将自动添加[sandbox]字样，如需关闭请传参is_sandbox=False
[07-31 10:44:48] [INFO] Session Manager 读取了 D:\code\qqbot0729\session_data 的数据
[07-31 10:44:48] [INFO] 消息（所有消息）接收函数订阅成功
[07-31 10:44:48] [DEBUG] [机器人ws地址] wss://sandbox.api.sgroup.qq.com/websocket
[07-31 10:44:49] [INFO] 连接成功，机器人开始运行
[07-31 10:44:49] [INFO] 机器人频道用户ID：16339539897453438804
[07-31 10:45:30] [DEBUG] 心跳发送成功
[07-31 10:46:12] [DEBUG] 心跳发送成功
[07-31 10:46:53] [DEBUG] 心跳发送成功
[07-31 10:47:14] [INFO] 已开启沙箱环境，发送消息时将频道方将自动添加[sandbox]字样，如需关闭请传参is_sandbox=False
[07-31 10:47:14] [INFO] Session Manager 读取了 D:\code\qqbot0729\session_data 的数据
[07-31 10:47:14] [INFO] 消息（所有消息）接收函数订阅成功
[07-31 10:47:14] [DEBUG] [机器人ws地址] wss://sandbox.api.sgroup.qq.com/websocket
[07-31 10:47:15] [INFO] 连接成功，机器人开始运行
[07-31 10:47:16] [INFO] 机器人频道用户ID：16339539897453438804
[07-31 10:47:57] [DEBUG] 心跳发送成功
[07-31 10:48:38] [DEBUG] 心跳发送成功
[07-31 10:49:20] [DEBUG] 心跳发送成功
[07-31 10:50:01] [DEBUG] 心跳发送成功
[07-31 10:50:42] [DEBUG] 心跳发送成功
[07-31 10:51:23] [DEBUG] 心跳发送成功
[07-31 10:52:04] [DEBUG] 心跳发送成功
[07-31 10:52:46] [DEBUG] 心跳发送成功
[07-31 10:53:27] [DEBUG] 心跳发送成功
[07-31 10:54:08] [DEBUG] 心跳发送成功
[07-31 10:54:49] [DEBUG] 心跳发送成功
[07-31 10:55:31] [DEBUG] 心跳发送成功
[07-31 10:56:12] [DEBUG] 心跳发送成功
[07-31 10:56:53] [DEBUG] 心跳发送成功
[07-31 10:57:35] [DEBUG] 心跳发送成功
[07-31 10:58:16] [DEBUG] 心跳发送成功
[07-31 10:58:57] [DEBUG] 心跳发送成功
[07-31 10:59:38] [DEBUG] 心跳发送成功
[07-31 11:00:20] [DEBUG] 心跳发送成功
[07-31 11:01:01] [DEBUG] 心跳发送成功
[07-31 11:01:42] [DEBUG] 心跳发送成功
[07-31 11:02:23] [DEBUG] 心跳发送成功
[07-31 11:03:05] [DEBUG] 心跳发送成功
[07-31 11:03:46] [DEBUG] 心跳发送成功
[07-31 11:04:27] [DEBUG] 心跳发送成功
[07-31 11:05:08] [DEBUG] 心跳发送成功
[07-31 11:05:45] [ERROR] AttributeError("'event_class' object has no attribute 'mentions'")
[07-31 11:05:45] [ERROR] [error:AttributeError("'event_class' object has no attribute 'mentions'")] File "d:\code\qqbot0729\robot.py", line 57, in deliver
[07-31 11:05:50] [DEBUG] 心跳发送成功
[07-31 11:06:31] [DEBUG] 心跳发送成功
[07-31 11:07:12] [DEBUG] 心跳发送成功
[07-31 11:07:53] [DEBUG] 心跳发送成功
[07-31 11:08:35] [DEBUG] 心跳发送成功
[07-31 11:09:16] [DEBUG] 心跳发送成功
[07-31 11:09:57] [DEBUG] 心跳发送成功
[07-31 11:10:38] [DEBUG] 心跳发送成功
[07-31 11:11:20] [DEBUG] 心跳发送成功
[07-31 11:11:23] [INFO] 已开启沙箱环境，发送消息时将频道方将自动添加[sandbox]字样，如需关闭请传参is_sandbox=False
[07-31 11:11:23] [INFO] Session Manager 读取了 D:\code\qqbot0729\session_data 的数据
[07-31 11:11:23] [INFO] 消息（所有消息）接收函数订阅成功
[07-31 11:11:24] [DEBUG] [机器人ws地址] wss://sandbox.api.sgroup.qq.com/websocket
[07-31 11:11:24] [INFO] 连接成功，机器人开始运行
[07-31 11:11:25] [INFO] 机器人频道用户ID：16339539897453438804
[07-31 11:12:06] [DEBUG] 心跳发送成功
[07-31 11:12:47] [DEBUG] 心跳发送成功
[07-31 11:13:28] [DEBUG] 心跳发送成功
[07-31 11:14:09] [DEBUG] 心跳发送成功
[07-31 11:14:51] [DEBUG] 心跳发送成功
[07-31 11:15:32] [DEBUG] 心跳发送成功
[07-31 11:16:13] [DEBUG] 心跳发送成功
[07-31 11:16:55] [DEBUG] 心跳发送成功
[07-31 11:17:36] [DEBUG] 心跳发送成功
[07-31 11:18:17] [DEBUG] 心跳发送成功
[07-31 11:18:58] [DEBUG] 心跳发送成功
[07-31 11:19:39] [DEBUG] 心跳发送成功
[07-31 11:20:21] [DEBUG] 心跳发送成功
[07-31 11:21:02] [DEBUG] 心跳发送成功
[07-31 11:21:43] [DEBUG] 心跳发送成功
[07-31 11:22:24] [DEBUG] 心跳发送成功
[07-31 11:23:06] [DEBUG] 心跳发送成功
[07-31 11:23:47] [DEBUG] 心跳发送成功
[07-31 11:24:28] [DEBUG] 心跳发送成功
[07-31 11:25:10] [DEBUG] 心跳发送成功
[07-31 11:25:51] [DEBUG] 心跳发送成功
[07-31 11:26:32] [DEBUG] 心跳发送成功
[07-31 11:27:13] [DEBUG] 心跳发送成功
[07-31 11:27:54] [DEBUG] 心跳发送成功
[07-31 11:28:36] [DEBUG] 心跳发送成功
[07-31 11:29:17] [DEBUG] 心跳发送成功
[07-31 11:29:59] [DEBUG] 心跳发送成功
[07-31 11:30:40] [DEBUG] 心跳发送成功
[07-31 11:31:21] [DEBUG] 心跳发送成功
[07-31 11:32:02] [DEBUG] 心跳发送成功
[07-31 11:32:43] [DEBUG] 心跳发送成功
[07-31 11:33:25] [DEBUG] 心跳发送成功
[07-31 11:34:06] [DEBUG] 心跳发送成功
[07-31 11:34:47] [DEBUG] 心跳发送成功
[07-31 11:35:28] [DEBUG] 心跳发送成功
[07-31 11:36:10] [DEBUG] 心跳发送成功
[07-31 11:36:51] [DEBUG] 心跳发送成功
[07-31 11:37:32] [DEBUG] 心跳发送成功
[07-31 11:38:13] [DEBUG] 心跳发送成功
[07-31 11:38:55] [DEBUG] 心跳发送成功
[07-31 11:39:36] [DEBUG] 心跳发送成功
[07-31 11:40:17] [DEBUG] 心跳发送成功
[07-31 11:40:58] [DEBUG] 心跳发送成功
[07-31 11:41:24] [WARNING] BOT_WS链接已断开，正在尝试重连……
[07-31 11:41:25] [INFO] 重连成功，机器人继续运行
[07-31 11:42:06] [DEBUG] 心跳发送成功
[07-31 11:42:47] [DEBUG] 心跳发送成功
[07-31 11:43:29] [DEBUG] 心跳发送成功
[07-31 11:44:10] [DEBUG] 心跳发送成功
[07-31 11:44:51] [DEBUG] 心跳发送成功
[07-31 11:45:32] [DEBUG] 心跳发送成功
[07-31 11:46:14] [DEBUG] 心跳发送成功
[07-31 11:46:55] [DEBUG] 心跳发送成功
[07-31 11:47:36] [DEBUG] 心跳发送成功
[07-31 11:48:18] [DEBUG] 心跳发送成功
[07-31 11:48:59] [DEBUG] 心跳发送成功
[07-31 11:49:40] [DEBUG] 心跳发送成功
[07-31 11:50:21] [DEBUG] 心跳发送成功
[07-31 11:51:02] [DEBUG] 心跳发送成功
[07-31 11:51:44] [DEBUG] 心跳发送成功
[07-31 11:52:25] [DEBUG] 心跳发送成功
[07-31 11:53:06] [DEBUG] 心跳发送成功
[07-31 11:53:48] [DEBUG] 心跳发送成功
[07-31 11:54:29] [DEBUG] 心跳发送成功
[07-31 11:55:10] [DEBUG] 心跳发送成功
[07-31 11:55:51] [DEBUG] 心跳发送成功
[07-31 11:56:33] [DEBUG] 心跳发送成功
[07-31 11:57:14] [DEBUG] 心跳发送成功
[07-31 11:57:55] [DEBUG] 心跳发送成功
[07-31 11:58:36] [DEBUG] 心跳发送成功
[07-31 11:59:18] [DEBUG] 心跳发送成功
[07-31 13:19:27] [WARNING] BOT_WS链接已断开，正在尝试重连……
[07-31 13:19:30] [WARNING] BOT_WS链接已断开，正在尝试重连……
[07-31 13:19:30] [ERROR] ClientConnectorError(ConnectionKey(host='sandbox.api.sgroup.qq.com', port=443, is_ssl=True, ssl=<ssl.SSLContext object at 0x000001E1CBB9C9C0>, proxy=None, proxy_auth=None, proxy_headers_hash=None), gaierror(11001, 'getaddrinfo failed'))
[07-31 13:19:30] [ERROR] [error:ClientConnectorError(ConnectionKey(host='sandbox.api.sgroup.qq.com', port=443, is_ssl=True, ssl=<ssl.SSLContext object at 0x000001E1CBB9C9C0>, proxy=None, proxy_auth=None, proxy_headers_hash=None), gaierror(11001, 'getaddrinfo failed'))] File "C:\Users\particle\AppData\Local\Programs\Python\Python39\lib\site-packages\aiohttp\connector.py", line 1187, in _create_direct_connection
[07-31 13:19:36] [INFO] 重连成功，机器人继续运行
[07-31 13:20:18] [DEBUG] 心跳发送成功
[07-31 13:20:59] [DEBUG] 心跳发送成功
[07-31 13:21:40] [DEBUG] 心跳发送成功
[07-31 13:22:21] [DEBUG] 心跳发送成功
[07-31 13:23:03] [DEBUG] 心跳发送成功
[07-31 13:23:44] [DEBUG] 心跳发送成功
[07-31 13:24:25] [DEBUG] 心跳发送成功
[07-31 13:25:06] [DEBUG] 心跳发送成功
[07-31 13:25:48] [DEBUG] 心跳发送成功
[07-31 13:26:29] [DEBUG] 心跳发送成功
[07-31 13:27:10] [DEBUG] 心跳发送成功
[07-31 13:27:52] [DEBUG] 心跳发送成功
[07-31 13:28:33] [DEBUG] 心跳发送成功
[07-31 13:29:14] [DEBUG] 心跳发送成功
[07-31 13:29:17] [INFO] 已开启沙箱环境，发送消息时将频道方将自动添加[sandbox]字样，如需关闭请传参is_sandbox=False
[07-31 13:29:17] [INFO] Session Manager 读取了 D:\code\qqbot0729\session_data 的数据
[07-31 13:29:17] [INFO] 消息（所有消息）接收函数订阅成功
[07-31 13:29:18] [DEBUG] [机器人ws地址] wss://sandbox.api.sgroup.qq.com/websocket
[07-31 13:29:18] [INFO] 连接成功，机器人开始运行
[07-31 13:29:18] [INFO] 机器人频道用户ID：16339539897453438804
[07-31 13:29:59] [DEBUG] 心跳发送成功
[07-31 13:30:41] [DEBUG] 心跳发送成功
[07-31 13:31:22] [DEBUG] 心跳发送成功
[07-31 13:31:30] [INFO] 已开启沙箱环境，发送消息时将频道方将自动添加[sandbox]字样，如需关闭请传参is_sandbox=False
[07-31 13:31:30] [INFO] Session Manager 读取了 D:\code\qqbot0729\session_data 的数据
[07-31 13:31:30] [INFO] 消息（所有消息）接收函数订阅成功
[07-31 13:31:30] [DEBUG] [机器人ws地址] wss://sandbox.api.sgroup.qq.com/websocket
[07-31 13:31:31] [INFO] 连接成功，机器人开始运行
[07-31 13:31:31] [INFO] 机器人频道用户ID：16339539897453438804
[07-31 13:32:12] [DEBUG] 心跳发送成功
[07-31 13:32:17] [INFO] 已开启沙箱环境，发送消息时将频道方将自动添加[sandbox]字样，如需关闭请传参is_sandbox=False
[07-31 13:32:17] [INFO] Session Manager 读取了 D:\code\qqbot0729\session_data 的数据
[07-31 13:32:17] [INFO] 消息（所有消息）接收函数订阅成功
[07-31 13:32:17] [DEBUG] [机器人ws地址] wss://sandbox.api.sgroup.qq.com/websocket
[07-31 13:32:18] [INFO] 连接成功，机器人开始运行
[07-31 13:32:18] [INFO] 机器人频道用户ID：16339539897453438804
[07-31 13:32:59] [DEBUG] 心跳发送成功
[07-31 13:33:40] [DEBUG] 心跳发送成功
[07-31 13:34:22] [DEBUG] 心跳发送成功
[07-31 13:35:03] [DEBUG] 心跳发送成功
[07-31 13:35:14] [INFO] 已开启沙箱环境，发送消息时将频道方将自动添加[sandbox]字样，如需关闭请传参is_sandbox=False
[07-31 13:35:14] [INFO] Session Manager 读取了 D:\code\qqbot0729\session_data 的数据
[07-31 13:35:14] [INFO] 消息（所有消息）接收函数订阅成功
[07-31 13:35:14] [DEBUG] [机器人ws地址] wss://sandbox.api.sgroup.qq.com/websocket
[07-31 13:35:14] [INFO] 连接成功，机器人开始运行
[07-31 13:35:15] [INFO] 机器人频道用户ID：16339539897453438804
[07-31 13:35:56] [DEBUG] 心跳发送成功
[07-31 13:36:03] [INFO] 已开启沙箱环境，发送消息时将频道方将自动添加[sandbox]字样，如需关闭请传参is_sandbox=False
[07-31 13:36:03] [INFO] Session Manager 读取了 D:\code\qqbot0729\session_data 的数据
[07-31 13:36:03] [INFO] 消息（所有消息）接收函数订阅成功
[07-31 13:36:03] [DEBUG] [机器人ws地址] wss://sandbox.api.sgroup.qq.com/websocket
[07-31 13:36:04] [INFO] 连接成功，机器人开始运行
[07-31 13:36:04] [INFO] 机器人频道用户ID：16339539897453438804
[07-31 13:36:14] [ERROR] TypeError('can only concatenate str (not "int") to str')
[07-31 13:36:14] [ERROR] [error:TypeError('can only concatenate str (not "int") to str')] File "d:\code\qqbot0729\robot.py", line 67, in deliver
[07-31 13:36:36] [INFO] 已开启沙箱环境，发送消息时将频道方将自动添加[sandbox]字样，如需关闭请传参is_sandbox=False
[07-31 13:36:36] [INFO] Session Manager 读取了 D:\code\qqbot0729\session_data 的数据
[07-31 13:36:36] [INFO] 消息（所有消息）接收函数订阅成功
[07-31 13:36:37] [DEBUG] [机器人ws地址] wss://sandbox.api.sgroup.qq.com/websocket
[07-31 13:36:37] [INFO] 连接成功，机器人开始运行
[07-31 13:36:37] [INFO] 机器人频道用户ID：16339539897453438804
[07-31 13:37:18] [DEBUG] 心跳发送成功
[07-31 13:37:59] [DEBUG] 心跳发送成功
[07-31 13:38:41] [DEBUG] 心跳发送成功
[07-31 13:39:22] [DEBUG] 心跳发送成功
[07-31 13:40:03] [DEBUG] 心跳发送成功
[07-31 13:40:45] [INFO] 已开启沙箱环境，发送消息时将频道方将自动添加[sandbox]字样，如需关闭请传参is_sandbox=False
[07-31 13:40:45] [INFO] Session Manager 读取了 D:\code\qqbot0729\session_data 的数据
[07-31 13:40:45] [INFO] 消息（所有消息）接收函数订阅成功
[07-31 13:40:46] [DEBUG] [机器人ws地址] wss://sandbox.api.sgroup.qq.com/websocket
[07-31 13:40:46] [INFO] 连接成功，机器人开始运行
[07-31 13:40:47] [INFO] 机器人频道用户ID：16339539897453438804
[07-31 13:41:27] [DEBUG] 心跳发送成功
[07-31 13:42:09] [DEBUG] 心跳发送成功
[07-31 13:42:50] [DEBUG] 心跳发送成功
[07-31 13:43:31] [DEBUG] 心跳发送成功
[07-31 13:43:40] [INFO] 已开启沙箱环境，发送消息时将频道方将自动添加[sandbox]字样，如需关闭请传参is_sandbox=False
[07-31 13:43:40] [INFO] Session Manager 读取了 D:\code\qqbot0729\session_data 的数据
[07-31 13:43:40] [INFO] 消息（所有消息）接收函数订阅成功
[07-31 13:43:40] [DEBUG] [机器人ws地址] wss://sandbox.api.sgroup.qq.com/websocket
[07-31 13:43:41] [INFO] 连接成功，机器人开始运行
[07-31 13:43:41] [INFO] 机器人频道用户ID：16339539897453438804
[07-31 13:44:22] [DEBUG] 心跳发送成功
[07-31 13:45:03] [DEBUG] 心跳发送成功
[07-31 13:45:45] [DEBUG] 心跳发送成功
[07-31 13:46:26] [DEBUG] 心跳发送成功
[07-31 13:47:07] [DEBUG] 心跳发送成功
[07-31 13:47:48] [DEBUG] 心跳发送成功
[07-31 13:48:30] [DEBUG] 心跳发送成功
[07-31 13:49:11] [DEBUG] 心跳发送成功
[07-31 13:49:18] [INFO] 已开启沙箱环境，发送消息时将频道方将自动添加[sandbox]字样，如需关闭请传参is_sandbox=False
[07-31 13:49:18] [INFO] Session Manager 读取了 D:\code\qqbot0729\session_data 的数据
[07-31 13:49:18] [INFO] 消息（所有消息）接收函数订阅成功
[07-31 13:49:18] [DEBUG] [机器人ws地址] wss://sandbox.api.sgroup.qq.com/websocket
[07-31 13:49:19] [INFO] 连接成功，机器人开始运行
[07-31 13:49:19] [INFO] 机器人频道用户ID：16339539897453438804
[07-31 13:50:00] [DEBUG] 心跳发送成功
[07-31 13:50:41] [DEBUG] 心跳发送成功
[07-31 13:51:23] [DEBUG] 心跳发送成功
[07-31 13:52:04] [DEBUG] 心跳发送成功
[07-31 13:52:41] [INFO] 已开启沙箱环境，发送消息时将频道方将自动添加[sandbox]字样，如需关闭请传参is_sandbox=False
[07-31 13:52:41] [INFO] Session Manager 读取了 D:\code\qqbot0729\session_data 的数据
[07-31 13:52:41] [INFO] 消息（所有消息）接收函数订阅成功
[07-31 13:52:42] [DEBUG] [机器人ws地址] wss://sandbox.api.sgroup.qq.com/websocket
[07-31 13:52:42] [INFO] 连接成功，机器人开始运行
[07-31 13:52:42] [INFO] 机器人频道用户ID：16339539897453438804
[07-31 13:53:23] [DEBUG] 心跳发送成功
[07-31 13:54:05] [DEBUG] 心跳发送成功
[07-31 13:54:46] [DEBUG] 心跳发送成功
[07-31 13:55:27] [DEBUG] 心跳发送成功
[07-31 13:56:09] [DEBUG] 心跳发送成功
[07-31 13:56:50] [DEBUG] 心跳发送成功
[07-31 13:57:32] [DEBUG] 心跳发送成功
[07-31 13:58:12] [DEBUG] 心跳发送成功
[07-31 13:58:29] [INFO] 已开启沙箱环境，发送消息时将频道方将自动添加[sandbox]字样，如需关闭请传参is_sandbox=False
[07-31 13:58:29] [INFO] Session Manager 读取了 D:\code\qqbot0729\session_data 的数据
[07-31 13:58:29] [INFO] 消息（所有消息）接收函数订阅成功
[07-31 13:58:29] [DEBUG] [机器人ws地址] wss://sandbox.api.sgroup.qq.com/websocket
[07-31 13:58:30] [INFO] 连接成功，机器人开始运行
[07-31 13:58:30] [INFO] 机器人频道用户ID：16339539897453438804
[07-31 13:59:11] [DEBUG] 心跳发送成功
[07-31 13:59:52] [DEBUG] 心跳发送成功
[07-31 14:00:34] [DEBUG] 心跳发送成功
[07-31 14:01:15] [DEBUG] 心跳发送成功
[07-31 14:01:56] [DEBUG] 心跳发送成功
[07-31 14:02:37] [DEBUG] 心跳发送成功
[07-31 14:03:19] [DEBUG] 心跳发送成功
[07-31 14:04:00] [DEBUG] 心跳发送成功
[07-31 14:04:41] [DEBUG] 心跳发送成功
[07-31 14:05:22] [DEBUG] 心跳发送成功
[07-31 14:06:04] [DEBUG] 心跳发送成功
[07-31 14:06:45] [DEBUG] 心跳发送成功
[07-31 14:07:27] [DEBUG] 心跳发送成功
[07-31 14:08:07] [DEBUG] 心跳发送成功
[07-31 14:08:49] [DEBUG] 心跳发送成功
[07-31 14:09:30] [DEBUG] 心跳发送成功
[07-31 14:10:11] [DEBUG] 心跳发送成功
[07-31 14:10:52] [DEBUG] 心跳发送成功
[07-31 14:11:34] [DEBUG] 心跳发送成功
[07-31 14:12:15] [DEBUG] 心跳发送成功
[07-31 14:12:56] [DEBUG] 心跳发送成功
[07-31 14:13:37] [DEBUG] 心跳发送成功
[07-31 14:14:19] [DEBUG] 心跳发送成功
[07-31 14:15:00] [DEBUG] 心跳发送成功
[07-31 14:15:41] [DEBUG] 心跳发送成功
[07-31 14:16:23] [DEBUG] 心跳发送成功
[07-31 14:17:04] [DEBUG] 心跳发送成功
[07-31 14:24:05] [INFO] Session Manager 读取了 D:\code\qqbot0729\session_data 的数据
[07-31 14:24:05] [INFO] 消息（所有消息）接收函数订阅成功
[07-31 14:24:05] [DEBUG] [机器人ws地址] wss://api.sgroup.qq.com/websocket
[07-31 14:24:06] [INFO] 连接成功，机器人开始运行
[07-31 14:24:06] [INFO] 机器人频道用户ID：16339539897453438804
[07-31 14:24:24] [WARNING] HTTP API(url:https://api.sgroup.qq.com/guilds/13004711861241069697/roles)调用错误[400]，详情：{"message":"频道末对机器人末授权","code":11264,"err_code":40012009,"trace_id":"b1630bf33af239a15da0f16b58b7da42"}，trace_id：b1630bf33af239a15da0f16b58b7da42
[07-31 14:24:24] [ERROR] AttributeError("'object_class' object has no attribute 'roles'")
[07-31 14:24:24] [ERROR] [error:AttributeError("'object_class' object has no attribute 'roles'")] File "d:\code\qqbot0729\robot.py", line 59, in setFormal
[07-31 14:24:47] [DEBUG] 心跳发送成功
[07-31 14:25:28] [DEBUG] 心跳发送成功
[07-31 14:26:10] [DEBUG] 心跳发送成功
[07-31 14:26:51] [DEBUG] 心跳发送成功
[07-31 14:27:32] [DEBUG] 心跳发送成功
[07-31 14:28:13] [DEBUG] 心跳发送成功
[07-31 14:28:55] [DEBUG] 心跳发送成功
[07-31 14:29:36] [DEBUG] 心跳发送成功
[07-31 14:30:17] [DEBUG] 心跳发送成功
[07-31 14:30:59] [DEBUG] 心跳发送成功
[07-31 14:31:40] [DEBUG] 心跳发送成功
[07-31 14:32:21] [DEBUG] 心跳发送成功
[07-31 14:33:03] [DEBUG] 心跳发送成功
[07-31 14:33:44] [DEBUG] 心跳发送成功
[07-31 14:34:25] [DEBUG] 心跳发送成功
[07-31 14:35:06] [DEBUG] 心跳发送成功
[07-31 14:35:47] [DEBUG] 心跳发送成功
[07-31 14:36:29] [DEBUG] 心跳发送成功
[07-31 14:37:10] [DEBUG] 心跳发送成功
[07-31 14:37:51] [WARNING] BOT_WS链接已断开，正在尝试重连……
[07-31 14:37:52] [INFO] 重连成功，机器人继续运行
[07-31 14:38:33] [DEBUG] 心跳发送成功
[07-31 14:39:14] [DEBUG] 心跳发送成功
[07-31 14:39:55] [DEBUG] 心跳发送成功
[07-31 14:40:37] [DEBUG] 心跳发送成功
[07-31 14:41:18] [DEBUG] 心跳发送成功
[07-31 14:41:59] [DEBUG] 心跳发送成功
[07-31 14:42:40] [DEBUG] 心跳发送成功
[07-31 14:43:22] [DEBUG] 心跳发送成功
[07-31 14:44:03] [DEBUG] 心跳发送成功
[07-31 14:44:44] [DEBUG] 心跳发送成功
[07-31 14:45:25] [DEBUG] 心跳发送成功
[07-31 14:46:07] [DEBUG] 心跳发送成功
[07-31 14:46:48] [DEBUG] 心跳发送成功
[07-31 14:47:29] [DEBUG] 心跳发送成功
[07-31 14:48:10] [DEBUG] 心跳发送成功
[07-31 14:48:52] [DEBUG] 心跳发送成功
[07-31 14:49:33] [DEBUG] 心跳发送成功
[07-31 14:50:36] [WARNING] BOT_WS链接已断开，正在尝试重连……
[07-31 14:50:39] [INFO] 重连成功，机器人继续运行
[07-31 14:51:21] [DEBUG] 心跳发送成功
[07-31 14:51:26] [INFO] Session Manager 读取了 D:\code\qqbot0729\session_data 的数据
[07-31 14:51:26] [INFO] 消息（所有消息）接收函数订阅成功
[07-31 14:51:28] [DEBUG] [机器人ws地址] wss://api.sgroup.qq.com/websocket
[07-31 14:51:28] [INFO] 连接成功，机器人开始运行
[07-31 14:51:28] [INFO] 机器人频道用户ID：16339539897453438804
[07-31 14:52:10] [DEBUG] 心跳发送成功
[07-31 14:52:51] [DEBUG] 心跳发送成功
[07-31 14:53:32] [DEBUG] 心跳发送成功
[07-31 14:54:13] [DEBUG] 心跳发送成功
[07-31 14:54:55] [DEBUG] 心跳发送成功
[07-31 14:55:36] [DEBUG] 心跳发送成功
[07-31 14:56:17] [DEBUG] 心跳发送成功
[07-31 14:56:58] [DEBUG] 心跳发送成功
[07-31 14:57:40] [DEBUG] 心跳发送成功
[07-31 14:58:21] [DEBUG] 心跳发送成功
[07-31 14:59:02] [DEBUG] 心跳发送成功
[07-31 14:59:43] [DEBUG] 心跳发送成功
[07-31 15:00:25] [DEBUG] 心跳发送成功
[07-31 15:01:06] [DEBUG] 心跳发送成功
[07-31 15:01:47] [DEBUG] 心跳发送成功
[07-31 15:02:28] [DEBUG] 心跳发送成功
[07-31 15:03:10] [DEBUG] 心跳发送成功
[07-31 15:03:51] [DEBUG] 心跳发送成功
[07-31 15:04:32] [DEBUG] 心跳发送成功
[07-31 15:05:13] [DEBUG] 心跳发送成功
[07-31 15:05:55] [DEBUG] 心跳发送成功
[07-31 15:06:36] [DEBUG] 心跳发送成功
[07-31 15:07:17] [DEBUG] 心跳发送成功
[07-31 15:07:59] [DEBUG] 心跳发送成功
[07-31 15:08:40] [DEBUG] 心跳发送成功
[07-31 15:09:21] [DEBUG] 心跳发送成功
[07-31 15:10:02] [DEBUG] 心跳发送成功
[07-31 15:10:43] [DEBUG] 心跳发送成功
[07-31 15:11:25] [DEBUG] 心跳发送成功
[07-31 15:12:06] [DEBUG] 心跳发送成功
[07-31 15:12:47] [DEBUG] 心跳发送成功
[07-31 15:13:29] [DEBUG] 心跳发送成功
[07-31 15:14:10] [DEBUG] 心跳发送成功
[07-31 15:14:51] [DEBUG] 心跳发送成功
[07-31 15:15:32] [DEBUG] 心跳发送成功
[07-31 15:16:13] [DEBUG] 心跳发送成功
[07-31 15:16:55] [DEBUG] 心跳发送成功
[07-31 15:17:36] [DEBUG] 心跳发送成功
[07-31 15:18:17] [DEBUG] 心跳发送成功
[07-31 15:18:59] [DEBUG] 心跳发送成功
[07-31 15:19:40] [DEBUG] 心跳发送成功
[07-31 15:20:40] [WARNING] BOT_WS链接已断开，正在尝试重连……
[07-31 15:20:42] [INFO] 重连成功，机器人继续运行
[07-31 15:21:23] [DEBUG] 心跳发送成功
[07-31 15:22:04] [DEBUG] 心跳发送成功
[07-31 15:22:46] [DEBUG] 心跳发送成功
[07-31 15:23:27] [DEBUG] 心跳发送成功
[07-31 15:24:08] [DEBUG] 心跳发送成功
[07-31 15:24:49] [DEBUG] 心跳发送成功
[07-31 15:25:30] [DEBUG] 心跳发送成功
[07-31 15:26:12] [DEBUG] 心跳发送成功
[07-31 15:26:53] [DEBUG] 心跳发送成功
[07-31 15:27:34] [DEBUG] 心跳发送成功
[07-31 15:28:16] [DEBUG] 心跳发送成功
[07-31 15:28:57] [DEBUG] 心跳发送成功
[07-31 15:29:38] [DEBUG] 心跳发送成功
[07-31 15:30:19] [DEBUG] 心跳发送成功
[07-31 15:31:01] [DEBUG] 心跳发送成功
[07-31 15:31:42] [DEBUG] 心跳发送成功
[07-31 15:32:23] [DEBUG] 心跳发送成功
[07-31 15:33:04] [DEBUG] 心跳发送成功
[07-31 15:33:46] [DEBUG] 心跳发送成功
[07-31 15:34:27] [WARNING] BOT_WS链接已断开，正在尝试重连……
[07-31 15:34:31] [INFO] 重连成功，机器人继续运行
[07-31 15:35:13] [DEBUG] 心跳发送成功
[07-31 15:35:54] [DEBUG] 心跳发送成功
[07-31 15:36:35] [DEBUG] 心跳发送成功
[07-31 15:37:16] [DEBUG] 心跳发送成功
[07-31 15:37:58] [DEBUG] 心跳发送成功
[07-31 15:38:39] [DEBUG] 心跳发送成功
[07-31 15:39:20] [DEBUG] 心跳发送成功
[07-31 15:40:01] [DEBUG] 心跳发送成功
[07-31 15:40:43] [DEBUG] 心跳发送成功
[07-31 15:41:24] [DEBUG] 心跳发送成功
[07-31 15:42:05] [DEBUG] 心跳发送成功
[07-31 15:42:47] [DEBUG] 心跳发送成功
[07-31 15:43:28] [DEBUG] 心跳发送成功
[07-31 15:44:09] [DEBUG] 心跳发送成功
[07-31 15:44:50] [WARNING] BOT_WS链接已断开，正在尝试重连……
[07-31 15:44:55] [INFO] 重连成功，机器人继续运行
[07-31 15:45:36] [DEBUG] 心跳发送成功
[07-31 15:46:18] [DEBUG] 心跳发送成功
[07-31 15:46:59] [DEBUG] 心跳发送成功
[07-31 15:47:40] [DEBUG] 心跳发送成功
[07-31 15:48:21] [DEBUG] 心跳发送成功
[07-31 15:49:03] [DEBUG] 心跳发送成功
[07-31 15:49:44] [DEBUG] 心跳发送成功
[07-31 15:50:25] [DEBUG] 心跳发送成功
[07-31 15:51:06] [DEBUG] 心跳发送成功
[07-31 15:51:47] [DEBUG] 心跳发送成功
[07-31 15:52:29] [DEBUG] 心跳发送成功
[07-31 15:53:10] [DEBUG] 心跳发送成功
[07-31 15:53:51] [DEBUG] 心跳发送成功
[07-31 15:54:32] [DEBUG] 心跳发送成功
[07-31 15:55:14] [DEBUG] 心跳发送成功
[07-31 15:55:55] [DEBUG] 心跳发送成功
[07-31 15:56:37] [DEBUG] 心跳发送成功
[07-31 15:57:17] [DEBUG] 心跳发送成功
[07-31 15:57:59] [DEBUG] 心跳发送成功
[07-31 15:58:40] [DEBUG] 心跳发送成功
[07-31 15:59:21] [DEBUG] 心跳发送成功
[07-31 16:00:02] [DEBUG] 心跳发送成功
[07-31 16:00:44] [DEBUG] 心跳发送成功
[07-31 16:01:25] [DEBUG] 心跳发送成功
[07-31 16:02:06] [DEBUG] 心跳发送成功
[07-31 16:02:47] [DEBUG] 心跳发送成功
[07-31 16:03:29] [DEBUG] 心跳发送成功
[07-31 16:04:10] [DEBUG] 心跳发送成功
[07-31 16:04:51] [DEBUG] 心跳发送成功
[07-31 16:05:33] [DEBUG] 心跳发送成功
[07-31 16:06:14] [DEBUG] 心跳发送成功
[07-31 16:06:55] [DEBUG] 心跳发送成功
[07-31 16:27:12] [INFO] Session Manager 读取了 D:\code\qqbot0729\session_data 的数据
[07-31 16:27:12] [INFO] 消息（所有消息）接收函数订阅成功
[07-31 16:27:12] [DEBUG] [机器人ws地址] wss://api.sgroup.qq.com/websocket
[07-31 16:27:13] [INFO] 连接成功，机器人开始运行
[07-31 16:27:13] [INFO] 机器人频道用户ID：16339539897453438804
[07-31 16:28:13] [WARNING] BOT_WS链接已断开，正在尝试重连……
[07-31 16:28:14] [INFO] 重连成功，机器人继续运行
[07-31 16:29:14] [WARNING] BOT_WS链接已断开，正在尝试重连……
[07-31 16:29:18] [INFO] 重连成功，机器人继续运行
[07-31 16:29:59] [DEBUG] 心跳发送成功
[07-31 16:30:41] [DEBUG] 心跳发送成功
[07-31 16:31:22] [DEBUG] 心跳发送成功
[07-31 16:32:04] [DEBUG] 心跳发送成功
[07-31 16:32:44] [DEBUG] 心跳发送成功
[07-31 16:33:26] [DEBUG] 心跳发送成功
[07-31 16:34:07] [DEBUG] 心跳发送成功
[07-31 16:34:48] [DEBUG] 心跳发送成功
[07-31 16:35:29] [DEBUG] 心跳发送成功
[07-31 16:36:11] [DEBUG] 心跳发送成功
[07-31 16:36:52] [DEBUG] 心跳发送成功
[07-31 16:37:33] [DEBUG] 心跳发送成功
[07-31 16:38:14] [DEBUG] 心跳发送成功
[07-31 16:38:56] [DEBUG] 心跳发送成功
[07-31 16:39:37] [DEBUG] 心跳发送成功
[07-31 16:40:18] [DEBUG] 心跳发送成功
[07-31 16:40:59] [DEBUG] 心跳发送成功
[07-31 16:41:41] [DEBUG] 心跳发送成功
[07-31 16:42:22] [DEBUG] 心跳发送成功
[07-31 16:43:03] [DEBUG] 心跳发送成功
[07-31 16:43:11] [INFO] Session Manager 读取了 D:\code\qqbot0729\session_data 的数据
[07-31 16:43:11] [INFO] 消息（所有消息）接收函数订阅成功
[07-31 16:43:12] [DEBUG] [机器人ws地址] wss://api.sgroup.qq.com/websocket
[07-31 16:43:13] [INFO] 连接成功，机器人开始运行
[07-31 16:43:13] [INFO] 机器人频道用户ID：16339539897453438804
[07-31 16:43:54] [DEBUG] 心跳发送成功
[07-31 16:44:35] [DEBUG] 心跳发送成功
[07-31 16:45:09] [INFO] Session Manager 读取了 D:\code\qqbot0729\session_data 的数据
[07-31 16:45:09] [INFO] 消息（所有消息）接收函数订阅成功
[07-31 16:45:10] [DEBUG] [机器人ws地址] wss://api.sgroup.qq.com/websocket
[07-31 16:45:11] [INFO] 连接成功，机器人开始运行
[07-31 16:45:11] [INFO] 机器人频道用户ID：16339539897453438804
[07-31 16:45:52] [DEBUG] 心跳发送成功
[07-31 16:46:33] [DEBUG] 心跳发送成功
[07-31 16:47:14] [DEBUG] 心跳发送成功
[07-31 16:47:56] [DEBUG] 心跳发送成功
[07-31 16:48:37] [DEBUG] 心跳发送成功
[07-31 16:49:18] [WARNING] BOT_WS链接已断开，正在尝试重连……
[07-31 16:49:19] [INFO] 重连成功，机器人继续运行
[07-31 16:50:00] [DEBUG] 心跳发送成功
[07-31 16:50:42] [DEBUG] 心跳发送成功
[07-31 16:51:23] [DEBUG] 心跳发送成功
[07-31 16:52:04] [DEBUG] 心跳发送成功
[07-31 16:52:10] [ERROR] ClientOSError(22, '指定的网络名不再可用。', None, 64, None)
[07-31 16:52:10] [ERROR] [error:ClientOSError(22, '指定的网络名不再可用。', None, 64, None)] File "C:\Users\particle\AppData\Local\Programs\Python\Python39\lib\site-packages\aiohttp\streams.py", line 622, in read
[07-31 16:52:45] [DEBUG] 心跳发送成功
[07-31 16:53:27] [DEBUG] 心跳发送成功
[07-31 16:54:08] [DEBUG] 心跳发送成功
[07-31 16:55:09] [WARNING] BOT_WS链接已断开，正在尝试重连……
[07-31 16:55:13] [INFO] 重连成功，机器人继续运行
[07-31 16:55:54] [DEBUG] 心跳发送成功
[07-31 16:56:35] [DEBUG] 心跳发送成功
[07-31 16:57:17] [DEBUG] 心跳发送成功
[07-31 16:57:58] [DEBUG] 心跳发送成功
[07-31 16:58:39] [DEBUG] 心跳发送成功
[07-31 16:59:20] [DEBUG] 心跳发送成功
[07-31 17:00:02] [DEBUG] 心跳发送成功
[07-31 17:00:43] [DEBUG] 心跳发送成功
[07-31 17:01:24] [DEBUG] 心跳发送成功
[07-31 17:02:05] [DEBUG] 心跳发送成功
[07-31 17:02:47] [DEBUG] 心跳发送成功
