[08-16 12:07:19] [WARNING] BOT_WS链接已断开，正在尝试重连……
[08-16 12:07:23] [INFO] 连接成功，机器人开始运行
[08-16 12:08:04] [DEBUG] 心跳发送成功
[08-16 12:08:44] [DEBUG] 心跳发送成功
[08-16 12:09:25] [DEBUG] 心跳发送成功
[08-16 12:10:07] [DEBUG] 心跳发送成功
[08-16 12:10:48] [DEBUG] 心跳发送成功
[08-16 12:11:29] [DEBUG] 心跳发送成功
[08-16 12:12:11] [DEBUG] 心跳发送成功
[08-16 12:12:52] [DEBUG] 心跳发送成功
[08-16 12:13:33] [DEBUG] 心跳发送成功
[08-16 12:14:14] [DEBUG] 心跳发送成功
[08-16 12:14:56] [DEBUG] 心跳发送成功
[08-16 12:15:37] [DEBUG] 心跳发送成功
[08-16 12:16:19] [DEBUG] 心跳发送成功
[08-16 12:16:59] [DEBUG] 心跳发送成功
[08-16 12:17:41] [DEBUG] 心跳发送成功
[08-16 12:18:22] [DEBUG] 心跳发送成功
[08-16 12:19:03] [DEBUG] 心跳发送成功
[08-16 12:19:44] [DEBUG] 心跳发送成功
[08-16 12:20:26] [DEBUG] 心跳发送成功
[08-16 12:21:07] [DEBUG] 心跳发送成功
[08-16 12:21:48] [DEBUG] 心跳发送成功
[08-16 12:22:30] [DEBUG] 心跳发送成功
[08-16 12:23:11] [DEBUG] 心跳发送成功
[08-16 12:23:52] [DEBUG] 心跳发送成功
[08-16 12:24:33] [DEBUG] 心跳发送成功
[08-16 12:25:14] [DEBUG] 心跳发送成功
[08-16 12:25:56] [DEBUG] 心跳发送成功
[08-16 12:26:37] [DEBUG] 心跳发送成功
[08-16 12:27:18] [DEBUG] 心跳发送成功
[08-16 12:27:59] [DEBUG] 心跳发送成功
[08-16 12:28:41] [DEBUG] 心跳发送成功
[08-16 12:29:22] [DEBUG] 心跳发送成功
[08-16 12:30:03] [DEBUG] 心跳发送成功
[08-16 12:30:45] [DEBUG] 心跳发送成功
[08-16 12:30:55] [WARNING] BOT_WS链接已断开，正在尝试重连……
[08-16 12:30:59] [INFO] 重连成功，机器人继续运行
[08-16 12:31:41] [DEBUG] 心跳发送成功
[08-16 12:32:22] [DEBUG] 心跳发送成功
[08-16 12:33:03] [DEBUG] 心跳发送成功
[08-16 12:33:44] [DEBUG] 心跳发送成功
[08-16 12:34:26] [DEBUG] 心跳发送成功
[08-16 12:35:07] [DEBUG] 心跳发送成功
[08-16 12:35:48] [DEBUG] 心跳发送成功
[08-16 12:36:29] [DEBUG] 心跳发送成功
[08-16 12:37:11] [DEBUG] 心跳发送成功
[08-16 12:37:52] [DEBUG] 心跳发送成功
[08-16 12:38:33] [DEBUG] 心跳发送成功
[08-16 12:39:14] [DEBUG] 心跳发送成功
[08-16 12:39:56] [DEBUG] 心跳发送成功
[08-16 12:40:37] [DEBUG] 心跳发送成功
[08-16 12:41:18] [DEBUG] 心跳发送成功
[08-16 12:41:59] [DEBUG] 心跳发送成功
[08-16 12:42:41] [DEBUG] 心跳发送成功
[08-16 12:43:22] [DEBUG] 心跳发送成功
[08-16 12:44:03] [DEBUG] 心跳发送成功
[08-16 12:44:44] [DEBUG] 心跳发送成功
[08-16 12:45:26] [DEBUG] 心跳发送成功
[08-16 12:46:07] [DEBUG] 心跳发送成功
[08-16 12:46:48] [DEBUG] 心跳发送成功
[08-16 12:47:29] [DEBUG] 心跳发送成功
[08-16 12:48:11] [DEBUG] 心跳发送成功
[08-16 12:48:52] [DEBUG] 心跳发送成功
[08-16 12:49:33] [DEBUG] 心跳发送成功
[08-16 12:50:14] [DEBUG] 心跳发送成功
[08-16 12:50:56] [DEBUG] 心跳发送成功
[08-16 12:51:37] [DEBUG] 心跳发送成功
[08-16 12:52:18] [DEBUG] 心跳发送成功
[08-16 12:52:59] [DEBUG] 心跳发送成功
[08-16 12:53:41] [DEBUG] 心跳发送成功
[08-16 12:54:22] [DEBUG] 心跳发送成功
[08-16 12:55:03] [DEBUG] 心跳发送成功
[08-16 12:55:44] [DEBUG] 心跳发送成功
[08-16 12:56:26] [DEBUG] 心跳发送成功
[08-16 12:57:07] [DEBUG] 心跳发送成功
[08-16 12:57:48] [DEBUG] 心跳发送成功
[08-16 12:58:29] [DEBUG] 心跳发送成功
[08-16 12:59:11] [DEBUG] 心跳发送成功
[08-16 12:59:52] [DEBUG] 心跳发送成功
[08-16 13:00:33] [DEBUG] 心跳发送成功
[08-16 13:01:14] [WARNING] BOT_WS链接已断开，正在尝试重连……
[08-16 13:01:19] [INFO] 重连成功，机器人继续运行
[08-16 13:02:01] [DEBUG] 心跳发送成功
[08-16 13:02:41] [DEBUG] 心跳发送成功
[08-16 13:03:23] [DEBUG] 心跳发送成功
[08-16 13:04:04] [DEBUG] 心跳发送成功
[08-16 13:04:45] [DEBUG] 心跳发送成功
[08-16 13:05:27] [DEBUG] 心跳发送成功
[08-16 13:06:08] [DEBUG] 心跳发送成功
[08-16 13:06:49] [DEBUG] 心跳发送成功
[08-16 13:07:30] [DEBUG] 心跳发送成功
[08-16 13:08:12] [DEBUG] 心跳发送成功
[08-16 13:08:53] [DEBUG] 心跳发送成功
[08-16 13:09:35] [DEBUG] 心跳发送成功
[08-16 15:55:21] [INFO] Session Manager 读取了 D:\code\qqbot0729\session_data 的数据
[08-16 15:55:21] [INFO] 消息（所有消息）接收函数订阅成功
[08-16 15:55:21] [INFO] 论坛事件订阅成功
[08-16 15:55:21] [INFO] 初始事件注册成功
[08-16 15:55:21] [DEBUG] [机器人ws地址] wss://api.sgroup.qq.com/websocket
[08-16 15:55:22] [INFO] 连接成功，机器人开始运行
[08-16 15:55:22] [INFO] 机器人频道用户ID：16339539897453438804
[08-16 15:56:55] [INFO] Session Manager 读取了 D:\code\qqbot0729\session_data 的数据
[08-16 15:56:55] [INFO] 消息（所有消息）接收函数订阅成功
[08-16 15:56:55] [INFO] 论坛事件订阅成功
[08-16 15:56:55] [INFO] 初始事件注册成功
[08-16 15:56:55] [DEBUG] [机器人ws地址] wss://api.sgroup.qq.com/websocket
[08-16 15:56:56] [INFO] 连接成功，机器人开始运行
[08-16 15:56:56] [INFO] 机器人频道用户ID：16339539897453438804
[08-16 15:56:56] [WARNING] HTTP API(url:https://api.sgroup.qq.com/guilds//members?limit=400)调用错误[404]，详情：{"message":"不支持的调用","code":11001,"err_code":40011002,"trace_id":"1111a668be85c741dcee56b01611b581"}，trace_id：1111a668be85c741dcee56b01611b581
[08-16 15:57:37] [DEBUG] 心跳发送成功
[08-16 15:58:18] [DEBUG] 心跳发送成功
[08-16 15:59:29] [INFO] Session Manager 读取了 D:\code\qqbot0729\session_data 的数据
[08-16 15:59:29] [INFO] 消息（所有消息）接收函数订阅成功
[08-16 15:59:29] [INFO] 论坛事件订阅成功
[08-16 15:59:29] [INFO] 初始事件注册成功
[08-16 15:59:30] [DEBUG] [机器人ws地址] wss://api.sgroup.qq.com/websocket
[08-16 15:59:30] [INFO] 连接成功，机器人开始运行
[08-16 15:59:30] [INFO] 机器人频道用户ID：16339539897453438804
[08-16 16:00:12] [DEBUG] 心跳发送成功
[08-16 16:00:53] [DEBUG] 心跳发送成功
[08-16 16:01:34] [DEBUG] 心跳发送成功
[08-16 16:02:15] [DEBUG] 心跳发送成功
[08-16 16:02:57] [DEBUG] 心跳发送成功
[08-16 16:09:25] [INFO] Session Manager 读取了 D:\code\qqbot0729\session_data 的数据
[08-16 16:09:25] [INFO] 消息（所有消息）接收函数订阅成功
[08-16 16:09:25] [INFO] 论坛事件订阅成功
[08-16 16:09:25] [INFO] 初始事件注册成功
[08-16 16:09:26] [DEBUG] [机器人ws地址] wss://api.sgroup.qq.com/websocket
[08-16 16:09:26] [INFO] 连接成功，机器人开始运行
[08-16 16:09:26] [INFO] 机器人频道用户ID：16339539897453438804
[08-16 16:09:34] [ERROR] TypeError('list indices must be integers or slices, not str')
[08-16 16:09:34] [ERROR] [error:TypeError('list indices must be integers or slices, not str')] File "d:\code\qqbot0729\robot_test.py", line 73, in set
[08-16 16:10:08] [DEBUG] 心跳发送成功
[08-16 16:11:14] [INFO] Session Manager 读取了 D:\code\qqbot0729\session_data 的数据
[08-16 16:11:14] [INFO] 消息（所有消息）接收函数订阅成功
[08-16 16:11:14] [INFO] 论坛事件订阅成功
[08-16 16:11:14] [INFO] 初始事件注册成功
[08-16 16:11:15] [DEBUG] [机器人ws地址] wss://api.sgroup.qq.com/websocket
[08-16 16:11:15] [INFO] 连接成功，机器人开始运行
[08-16 16:11:15] [INFO] 机器人频道用户ID：16339539897453438804
[08-16 16:27:43] [INFO] Session Manager 读取了 D:\code\qqbot0729\session_data 的数据
[08-16 16:27:43] [INFO] 消息（所有消息）接收函数订阅成功
[08-16 16:27:43] [INFO] 论坛事件订阅成功
[08-16 16:27:43] [INFO] 初始事件注册成功
[08-16 16:27:44] [DEBUG] [机器人ws地址] wss://api.sgroup.qq.com/websocket
[08-16 16:27:44] [INFO] 连接成功，机器人开始运行
[08-16 16:27:44] [INFO] 机器人频道用户ID：16339539897453438804
[08-16 16:28:25] [DEBUG] 心跳发送成功
[08-16 16:29:07] [DEBUG] 心跳发送成功
[08-16 16:29:25] [ERROR] TimeoutError()
[08-16 16:29:25] [ERROR] [error:TimeoutError()] File "C:\Users\particle\AppData\Local\Programs\Python\Python39\lib\concurrent\futures\_base.py", line 442, in result
[08-16 16:29:48] [DEBUG] 心跳发送成功
[08-16 16:30:14] [INFO] Session Manager 读取了 D:\code\qqbot0729\session_data 的数据
[08-16 16:30:14] [INFO] 消息（所有消息）接收函数订阅成功
[08-16 16:30:14] [INFO] 论坛事件订阅成功
[08-16 16:30:14] [INFO] 初始事件注册成功
[08-16 16:30:15] [DEBUG] [机器人ws地址] wss://api.sgroup.qq.com/websocket
[08-16 16:30:15] [INFO] 连接成功，机器人开始运行
[08-16 16:30:15] [INFO] 机器人频道用户ID：16339539897453438804
[08-16 16:32:36] [INFO] Session Manager 读取了 D:\code\qqbot0729\session_data 的数据
[08-16 16:32:36] [INFO] 消息（所有消息）接收函数订阅成功
[08-16 16:32:36] [INFO] 论坛事件订阅成功
[08-16 16:32:36] [INFO] 初始事件注册成功
[08-16 16:32:36] [DEBUG] [机器人ws地址] wss://api.sgroup.qq.com/websocket
[08-16 16:32:37] [INFO] 连接成功，机器人开始运行
[08-16 16:32:37] [INFO] 机器人频道用户ID：16339539897453438804
[08-16 16:33:18] [DEBUG] 心跳发送成功
[08-16 16:33:41] [INFO] Session Manager 读取了 D:\code\qqbot0729\session_data 的数据
[08-16 16:33:41] [INFO] 消息（所有消息）接收函数订阅成功
[08-16 16:33:41] [INFO] 论坛事件订阅成功
[08-16 16:33:41] [INFO] 初始事件注册成功
[08-16 16:33:41] [DEBUG] [机器人ws地址] wss://api.sgroup.qq.com/websocket
[08-16 16:33:41] [INFO] 连接成功，机器人开始运行
[08-16 16:33:42] [INFO] 机器人频道用户ID：16339539897453438804
[08-16 16:34:23] [DEBUG] 心跳发送成功
[08-16 16:35:04] [DEBUG] 心跳发送成功
[08-16 16:41:02] [INFO] Session Manager 读取了 D:\code\qqbot0729\session_data 的数据
[08-16 16:41:02] [INFO] 消息（所有消息）接收函数订阅成功
[08-16 16:41:02] [INFO] 论坛事件订阅成功
[08-16 16:41:02] [INFO] 初始事件注册成功
[08-16 16:41:03] [DEBUG] [机器人ws地址] wss://api.sgroup.qq.com/websocket
[08-16 16:41:04] [INFO] 连接成功，机器人开始运行
[08-16 16:41:04] [INFO] 机器人频道用户ID：16339539897453438804
[08-16 16:42:34] [INFO] Session Manager 读取了 D:\code\qqbot0729\session_data 的数据
[08-16 16:42:34] [INFO] 消息（所有消息）接收函数订阅成功
[08-16 16:42:34] [INFO] 论坛事件订阅成功
[08-16 16:42:34] [INFO] 初始事件注册成功
[08-16 16:42:34] [DEBUG] [机器人ws地址] wss://api.sgroup.qq.com/websocket
[08-16 16:42:35] [INFO] 连接成功，机器人开始运行
[08-16 16:42:35] [INFO] 机器人频道用户ID：16339539897453438804
[08-16 16:43:04] [ERROR] TimeoutError()
[08-16 16:43:04] [ERROR] [error:TimeoutError()] File "C:\Users\particle\AppData\Local\Programs\Python\Python39\lib\concurrent\futures\_base.py", line 442, in result
[08-16 16:43:16] [DEBUG] 心跳发送成功
[08-16 16:43:27] [INFO] {
    "委托表":"合法",
    "免责声明":"合法",
    "补课年级":"合法",
    "补课时间":"准高二实验班8月18日提前开学",
    "举报途径":"合法",
    "收费情况":"合法",
    "违规行为":"合法"
}
[08-16 16:44:35] [INFO] Session Manager 读取了 D:\code\qqbot0729\session_data 的数据
[08-16 16:44:35] [INFO] 消息（所有消息）接收函数订阅成功
[08-16 16:44:35] [INFO] 论坛事件订阅成功
[08-16 16:44:35] [INFO] 初始事件注册成功
[08-16 16:44:37] [DEBUG] [机器人ws地址] wss://api.sgroup.qq.com/websocket
[08-16 16:44:37] [INFO] 连接成功，机器人开始运行
[08-16 16:44:37] [INFO] 机器人频道用户ID：16339539897453438804
[08-16 16:45:11] [ERROR] TimeoutError()
[08-16 16:45:11] [ERROR] [error:TimeoutError()] File "C:\Users\particle\AppData\Local\Programs\Python\Python39\lib\concurrent\futures\_base.py", line 442, in result
[08-16 16:45:19] [DEBUG] 心跳发送成功
[08-16 16:46:00] [DEBUG] 心跳发送成功
[08-16 16:46:16] [INFO] Session Manager 读取了 D:\code\qqbot0729\session_data 的数据
[08-16 16:46:16] [INFO] 消息（所有消息）接收函数订阅成功
[08-16 16:46:16] [INFO] 论坛事件订阅成功
[08-16 16:46:16] [INFO] 初始事件注册成功
[08-16 16:46:16] [DEBUG] [机器人ws地址] wss://api.sgroup.qq.com/websocket
[08-16 16:46:16] [INFO] 连接成功，机器人开始运行
[08-16 16:46:17] [INFO] 机器人频道用户ID：16339539897453438804
[08-16 16:46:52] [ERROR] TimeoutError()
[08-16 16:46:52] [ERROR] [error:TimeoutError()] File "C:\Users\particle\AppData\Local\Programs\Python\Python39\lib\concurrent\futures\_base.py", line 442, in result
[08-16 16:46:58] [DEBUG] 心跳发送成功
[08-16 16:47:12] [INFO] Session Manager 读取了 D:\code\qqbot0729\session_data 的数据
[08-16 16:47:12] [INFO] 消息（所有消息）接收函数订阅成功
[08-16 16:47:12] [INFO] 论坛事件订阅成功
[08-16 16:47:12] [INFO] 初始事件注册成功
[08-16 16:47:12] [DEBUG] [机器人ws地址] wss://api.sgroup.qq.com/websocket
[08-16 16:47:13] [INFO] 连接成功，机器人开始运行
[08-16 16:47:13] [INFO] 机器人频道用户ID：16339539897453438804
[08-16 16:47:26] [INFO] 开始询问
[08-16 16:47:46] [ERROR] TimeoutError()
[08-16 16:47:47] [ERROR] [error:TimeoutError()] File "C:\Users\particle\AppData\Local\Programs\Python\Python39\lib\concurrent\futures\_base.py", line 442, in result
[08-16 16:47:54] [DEBUG] 心跳发送成功
[08-16 16:48:35] [DEBUG] 心跳发送成功
[08-16 16:48:52] [INFO] Session Manager 读取了 D:\code\qqbot0729\session_data 的数据
[08-16 16:48:52] [INFO] 消息（所有消息）接收函数订阅成功
[08-16 16:48:52] [INFO] 论坛事件订阅成功
[08-16 16:48:52] [INFO] 初始事件注册成功
[08-16 16:48:52] [DEBUG] [机器人ws地址] wss://api.sgroup.qq.com/websocket
[08-16 16:48:53] [INFO] 连接成功，机器人开始运行
[08-16 16:48:53] [INFO] 机器人频道用户ID：16339539897453438804
[08-16 16:49:02] [INFO] 开始询问
[08-16 16:49:22] [ERROR] TimeoutError()
[08-16 16:49:22] [ERROR] [error:TimeoutError()] File "C:\Users\particle\AppData\Local\Programs\Python\Python39\lib\concurrent\futures\_base.py", line 442, in result
[08-16 16:49:34] [DEBUG] 心跳发送成功
[08-16 16:50:17] [INFO] Session Manager 读取了 D:\code\qqbot0729\session_data 的数据
[08-16 16:50:17] [INFO] 消息（所有消息）接收函数订阅成功
[08-16 16:50:17] [INFO] 论坛事件订阅成功
[08-16 16:50:17] [INFO] 初始事件注册成功
[08-16 16:50:17] [DEBUG] [机器人ws地址] wss://api.sgroup.qq.com/websocket
[08-16 16:50:18] [INFO] 连接成功，机器人开始运行
[08-16 16:50:18] [INFO] 机器人频道用户ID：16339539897453438804
[08-16 16:50:34] [INFO] 开始询问
[08-16 16:50:55] [ERROR] TimeoutError()
[08-16 16:50:55] [ERROR] [error:TimeoutError()] File "C:\Users\particle\AppData\Local\Programs\Python\Python39\lib\concurrent\futures\_base.py", line 442, in result
[08-16 16:50:59] [DEBUG] 心跳发送成功
[08-16 16:51:40] [DEBUG] 心跳发送成功
[08-16 16:52:22] [DEBUG] 心跳发送成功
[08-16 16:53:03] [DEBUG] 心跳发送成功
[08-16 16:53:44] [DEBUG] 心跳发送成功
[08-16 16:54:25] [DEBUG] 心跳发送成功
[08-16 16:55:06] [DEBUG] 心跳发送成功
[08-16 16:55:48] [DEBUG] 心跳发送成功
[08-16 16:56:29] [DEBUG] 心跳发送成功
[08-16 16:57:10] [DEBUG] 心跳发送成功
[08-16 16:57:52] [DEBUG] 心跳发送成功
[08-16 16:58:33] [DEBUG] 心跳发送成功
[08-16 16:59:14] [DEBUG] 心跳发送成功
[08-16 16:59:55] [DEBUG] 心跳发送成功
[08-16 17:00:37] [DEBUG] 心跳发送成功
[08-16 17:01:18] [DEBUG] 心跳发送成功
[08-16 18:31:27] [WARNING] BOT_WS链接已断开，正在尝试重连……
[08-16 18:31:38] [WARNING] BOT_WS链接已断开，正在尝试重连……
[08-16 18:31:38] [ERROR] ClientConnectorError(ConnectionKey(host='api.sgroup.qq.com', port=443, is_ssl=True, ssl=<ssl.SSLContext object at 0x0000023657C4E4C0>, proxy=None, proxy_auth=None, proxy_headers_hash=None), gaierror(11001, 'getaddrinfo failed'))
[08-16 18:31:38] [ERROR] [error:ClientConnectorError(ConnectionKey(host='api.sgroup.qq.com', port=443, is_ssl=True, ssl=<ssl.SSLContext object at 0x0000023657C4E4C0>, proxy=None, proxy_auth=None, proxy_headers_hash=None), gaierror(11001, 'getaddrinfo failed'))] File "C:\Users\particle\AppData\Local\Programs\Python\Python39\lib\site-packages\aiohttp\connector.py", line 1187, in _create_direct_connection
[08-16 18:31:42] [INFO] 重连成功，机器人继续运行
[08-16 18:32:23] [DEBUG] 心跳发送成功
[08-16 18:33:04] [DEBUG] 心跳发送成功
[08-16 23:52:32] [INFO] Session Manager 读取了 D:\code\qqbot0729\session_data 的数据
[08-16 23:52:32] [INFO] 消息（所有消息）接收函数订阅成功
[08-16 23:52:32] [INFO] 论坛事件订阅成功
[08-16 23:52:32] [INFO] 初始事件注册成功
[08-16 23:52:33] [DEBUG] [机器人ws地址] wss://api.sgroup.qq.com/websocket
[08-16 23:52:33] [INFO] 连接成功，机器人开始运行
[08-16 23:52:33] [INFO] 机器人频道用户ID：16339539897453438804
[08-16 23:52:37] [INFO] 开始询问
[08-16 23:52:57] [ERROR] TimeoutError()
[08-16 23:52:57] [ERROR] [error:TimeoutError()] File "C:\Users\particle\AppData\Local\Programs\Python\Python39\lib\concurrent\futures\_base.py", line 442, in result
[08-16 23:53:14] [DEBUG] 心跳发送成功
[08-16 23:53:56] [DEBUG] 心跳发送成功
[08-16 23:54:25] [INFO] Session Manager 读取了 D:\code\qqbot0729\session_data 的数据
[08-16 23:54:25] [INFO] 消息（所有消息）接收函数订阅成功
[08-16 23:54:25] [INFO] 论坛事件订阅成功
[08-16 23:54:25] [INFO] 初始事件注册成功
[08-16 23:54:25] [DEBUG] [机器人ws地址] wss://api.sgroup.qq.com/websocket
[08-16 23:54:25] [INFO] 连接成功，机器人开始运行
[08-16 23:54:25] [INFO] 机器人频道用户ID：16339539897453438804
[08-16 23:54:28] [INFO] 开始询问
[08-16 23:54:28] [INFO] 结束询问
[08-16 23:54:44] [INFO] Session Manager 读取了 D:\code\qqbot0729\session_data 的数据
[08-16 23:54:44] [INFO] 消息（所有消息）接收函数订阅成功
[08-16 23:54:44] [INFO] 论坛事件订阅成功
[08-16 23:54:44] [INFO] 初始事件注册成功
[08-16 23:54:44] [DEBUG] [机器人ws地址] wss://api.sgroup.qq.com/websocket
[08-16 23:54:44] [INFO] 连接成功，机器人开始运行
[08-16 23:54:44] [INFO] 机器人频道用户ID：16339539897453438804
[08-16 23:54:54] [INFO] 开始询问
[08-16 23:55:14] [ERROR] TimeoutError()
[08-16 23:55:14] [ERROR] [error:TimeoutError()] File "C:\Users\particle\AppData\Local\Programs\Python\Python39\lib\concurrent\futures\_base.py", line 442, in result
[08-16 23:55:26] [DEBUG] 心跳发送成功
[08-16 23:55:29] [INFO] Session Manager 读取了 D:\code\qqbot0729\session_data 的数据
[08-16 23:55:29] [INFO] 消息（所有消息）接收函数订阅成功
[08-16 23:55:29] [INFO] 论坛事件订阅成功
[08-16 23:55:29] [INFO] 初始事件注册成功
[08-16 23:55:29] [DEBUG] [机器人ws地址] wss://api.sgroup.qq.com/websocket
[08-16 23:55:29] [INFO] 连接成功，机器人开始运行
[08-16 23:55:29] [INFO] 机器人频道用户ID：16339539897453438804
[08-16 23:55:35] [INFO] 开始询问
[08-16 23:55:35] [INFO] 结束询问
[08-16 23:56:10] [DEBUG] 心跳发送成功
[08-16 23:56:52] [DEBUG] 心跳发送成功
[08-16 23:57:21] [INFO] Session Manager 读取了 D:\code\qqbot0729\session_data 的数据
[08-16 23:57:21] [INFO] 消息（所有消息）接收函数订阅成功
[08-16 23:57:21] [INFO] 论坛事件订阅成功
[08-16 23:57:21] [INFO] 初始事件注册成功
[08-16 23:57:21] [DEBUG] [机器人ws地址] wss://api.sgroup.qq.com/websocket
[08-16 23:57:21] [INFO] 连接成功，机器人开始运行
[08-16 23:57:21] [INFO] 机器人频道用户ID：16339539897453438804
[08-16 23:57:23] [INFO] 开始询问
[08-16 23:57:43] [ERROR] TimeoutError()
[08-16 23:57:43] [ERROR] [error:TimeoutError()] File "C:\Users\particle\AppData\Local\Programs\Python\Python39\lib\concurrent\futures\_base.py", line 442, in result
[08-16 23:58:02] [DEBUG] 心跳发送成功
[08-16 23:58:44] [DEBUG] 心跳发送成功
[08-16 23:59:18] [INFO] Session Manager 读取了 D:\code\qqbot0729\session_data 的数据
[08-16 23:59:18] [INFO] 消息（所有消息）接收函数订阅成功
[08-16 23:59:18] [INFO] 论坛事件订阅成功
[08-16 23:59:18] [INFO] 初始事件注册成功
[08-16 23:59:18] [DEBUG] [机器人ws地址] wss://api.sgroup.qq.com/websocket
[08-16 23:59:19] [INFO] 连接成功，机器人开始运行
[08-16 23:59:19] [INFO] 机器人频道用户ID：16339539897453438804
[08-16 23:59:21] [INFO] 开始询问
[08-16 23:59:41] [ERROR] TimeoutError()
[08-16 23:59:41] [ERROR] [error:TimeoutError()] File "C:\Users\particle\AppData\Local\Programs\Python\Python39\lib\concurrent\futures\_base.py", line 442, in result
