[08-14 15:04:20] [INFO] Session Manager 读取了 D:\code\qqbot0729\session_data 的数据
[08-14 15:04:20] [INFO] 消息（所有消息）接收函数订阅成功
[08-14 15:04:20] [INFO] 论坛事件订阅成功
[08-14 15:04:20] [INFO] 初始事件注册成功
[08-14 15:04:20] [DEBUG] [机器人ws地址] wss://api.sgroup.qq.com/websocket
[08-14 15:04:20] [INFO] 连接成功，机器人开始运行
[08-14 15:04:21] [INFO] 机器人频道用户ID：16339539897453438804
[08-14 15:04:59] [INFO] Session Manager 读取了 D:\code\qqbot0729\session_data 的数据
[08-14 15:04:59] [INFO] 消息（所有消息）接收函数订阅成功
[08-14 15:04:59] [INFO] 论坛事件订阅成功
[08-14 15:04:59] [INFO] 初始事件注册成功
[08-14 15:05:00] [DEBUG] [机器人ws地址] wss://api.sgroup.qq.com/websocket
[08-14 15:05:01] [INFO] 连接成功，机器人开始运行
[08-14 15:05:01] [INFO] 机器人频道用户ID：16339539897453438804
[08-14 15:05:43] [DEBUG] 心跳发送成功
[08-14 15:06:24] [DEBUG] 心跳发送成功
[08-14 15:07:05] [DEBUG] 心跳发送成功
[08-14 15:07:46] [DEBUG] 心跳发送成功
[08-14 15:14:37] [INFO] Session Manager 读取了 D:\code\qqbot0729\session_data 的数据
[08-14 15:14:37] [INFO] 消息（所有消息）接收函数订阅成功
[08-14 15:14:37] [INFO] 论坛事件订阅成功
[08-14 15:14:37] [INFO] 初始事件注册成功
[08-14 15:14:38] [DEBUG] [机器人ws地址] wss://api.sgroup.qq.com/websocket
[08-14 15:14:38] [INFO] 连接成功，机器人开始运行
[08-14 15:14:38] [INFO] 机器人频道用户ID：16339539897453438804
[08-14 15:15:19] [DEBUG] 心跳发送成功
[08-14 15:16:01] [DEBUG] 心跳发送成功
[08-14 15:16:42] [INFO] Session Manager 读取了 D:\code\qqbot0729\session_data 的数据
[08-14 15:16:42] [INFO] 消息（所有消息）接收函数订阅成功
[08-14 15:16:42] [INFO] 论坛事件订阅成功
[08-14 15:16:42] [INFO] 初始事件注册成功
[08-14 15:16:42] [DEBUG] [机器人ws地址] wss://api.sgroup.qq.com/websocket
[08-14 15:16:42] [INFO] 连接成功，机器人开始运行
[08-14 15:16:43] [INFO] 机器人频道用户ID：16339539897453438804
[08-14 15:16:52] [INFO] 幽灵非法发帖
[08-14 15:17:24] [DEBUG] 心跳发送成功
[08-14 15:17:30] [INFO] 幽灵非法发帖
[08-14 15:18:05] [DEBUG] 心跳发送成功
