[08-15 19:17:46] [INFO] Session Manager 读取了 D:\code\qqbot0729\session_data 的数据
[08-15 19:17:46] [INFO] 消息（所有消息）接收函数订阅成功
[08-15 19:17:46] [INFO] 论坛事件订阅成功
[08-15 19:17:46] [INFO] 初始事件注册成功
[08-15 19:17:46] [DEBUG] [机器人ws地址] wss://api.sgroup.qq.com/websocket
[08-15 19:17:47] [INFO] 连接成功，机器人开始运行
[08-15 19:17:47] [INFO] 机器人频道用户ID：16339539897453438804
[08-15 19:18:28] [DEBUG] 心跳发送成功
[08-15 19:19:10] [DEBUG] 心跳发送成功
[08-15 19:19:51] [DEBUG] 心跳发送成功
[08-15 19:20:32] [DEBUG] 心跳发送成功
[08-15 19:21:13] [DEBUG] 心跳发送成功
[08-15 19:21:55] [DEBUG] 心跳发送成功
[08-15 19:22:36] [DEBUG] 心跳发送成功
[08-15 19:23:17] [DEBUG] 心跳发送成功
[08-15 19:23:58] [DEBUG] 心跳发送成功
[08-15 19:24:40] [DEBUG] 心跳发送成功
[08-15 19:25:21] [DEBUG] 心跳发送成功
[08-15 19:26:02] [DEBUG] 心跳发送成功
[08-15 19:26:43] [DEBUG] 心跳发送成功
[08-15 19:27:25] [DEBUG] 心跳发送成功
[08-15 19:28:06] [DEBUG] 心跳发送成功
[08-15 19:28:47] [DEBUG] 心跳发送成功
[08-15 19:29:28] [DEBUG] 心跳发送成功
[08-15 19:30:10] [DEBUG] 心跳发送成功
[08-15 19:30:51] [DEBUG] 心跳发送成功
[08-15 19:31:32] [DEBUG] 心跳发送成功
[08-15 19:32:13] [DEBUG] 心跳发送成功
[08-15 19:32:55] [DEBUG] 心跳发送成功
[08-15 19:33:36] [DEBUG] 心跳发送成功
[08-15 19:34:17] [DEBUG] 心跳发送成功
[08-15 19:34:58] [DEBUG] 心跳发送成功
[08-15 19:35:40] [DEBUG] 心跳发送成功
[08-15 19:36:22] [DEBUG] 心跳发送成功
[08-15 19:37:02] [DEBUG] 心跳发送成功
[08-15 19:37:43] [DEBUG] 心跳发送成功
[08-15 19:38:25] [DEBUG] 心跳发送成功
[08-15 19:39:06] [DEBUG] 心跳发送成功
[08-15 19:39:47] [DEBUG] 心跳发送成功
[08-15 19:40:29] [DEBUG] 心跳发送成功
[08-15 19:41:10] [DEBUG] 心跳发送成功
[08-15 19:41:51] [DEBUG] 心跳发送成功
[08-15 19:42:32] [DEBUG] 心跳发送成功
[08-15 19:43:13] [DEBUG] 心跳发送成功
[08-15 19:43:55] [DEBUG] 心跳发送成功
[08-15 19:44:36] [DEBUG] 心跳发送成功
[08-15 19:45:17] [DEBUG] 心跳发送成功
[08-15 19:45:58] [DEBUG] 心跳发送成功
[08-15 19:46:40] [DEBUG] 心跳发送成功
[08-15 19:47:21] [DEBUG] 心跳发送成功
[08-15 19:47:47] [WARNING] BOT_WS链接已断开，正在尝试重连……
[08-15 19:47:47] [INFO] 重连成功，机器人继续运行
[08-15 19:48:29] [DEBUG] 心跳发送成功
[08-15 19:49:10] [DEBUG] 心跳发送成功
[08-15 19:49:51] [DEBUG] 心跳发送成功
[08-15 19:50:32] [DEBUG] 心跳发送成功
[08-15 19:51:14] [DEBUG] 心跳发送成功
[08-15 19:51:55] [DEBUG] 心跳发送成功
[08-15 19:52:36] [DEBUG] 心跳发送成功
[08-15 19:53:17] [DEBUG] 心跳发送成功
[08-15 19:53:59] [DEBUG] 心跳发送成功
[08-15 19:54:40] [DEBUG] 心跳发送成功
[08-15 19:55:21] [DEBUG] 心跳发送成功
[08-15 19:56:03] [DEBUG] 心跳发送成功
[08-15 19:56:44] [DEBUG] 心跳发送成功
[08-15 19:57:25] [DEBUG] 心跳发送成功
[08-15 19:58:06] [DEBUG] 心跳发送成功
[08-15 19:58:48] [DEBUG] 心跳发送成功
[08-15 19:59:29] [DEBUG] 心跳发送成功
[08-15 20:00:10] [DEBUG] 心跳发送成功
[08-15 20:00:51] [DEBUG] 心跳发送成功
[08-15 20:01:33] [DEBUG] 心跳发送成功
[08-15 20:02:14] [DEBUG] 心跳发送成功
[08-15 20:02:55] [DEBUG] 心跳发送成功
[08-15 20:03:36] [DEBUG] 心跳发送成功
[08-15 20:04:18] [DEBUG] 心跳发送成功
[08-15 20:04:59] [DEBUG] 心跳发送成功
[08-15 20:05:40] [DEBUG] 心跳发送成功
[08-15 20:06:21] [DEBUG] 心跳发送成功
[08-15 20:07:03] [DEBUG] 心跳发送成功
[08-15 20:07:44] [DEBUG] 心跳发送成功
[08-15 20:08:25] [DEBUG] 心跳发送成功
[08-15 20:09:06] [DEBUG] 心跳发送成功
[08-15 20:09:48] [DEBUG] 心跳发送成功
[08-15 20:10:29] [DEBUG] 心跳发送成功
[08-15 20:11:10] [DEBUG] 心跳发送成功
[08-15 20:11:51] [DEBUG] 心跳发送成功
[08-15 20:12:33] [DEBUG] 心跳发送成功
[08-15 20:13:14] [DEBUG] 心跳发送成功
[08-15 20:13:55] [DEBUG] 心跳发送成功
[08-15 20:14:36] [DEBUG] 心跳发送成功
[08-15 20:15:18] [DEBUG] 心跳发送成功
[08-15 20:15:59] [DEBUG] 心跳发送成功
[08-15 20:16:40] [DEBUG] 心跳发送成功
[08-15 20:17:21] [DEBUG] 心跳发送成功
[08-15 20:17:47] [WARNING] BOT_WS链接已断开，正在尝试重连……
[08-15 20:17:51] [INFO] 重连成功，机器人继续运行
[08-15 20:18:53] [WARNING] BOT_WS链接已断开，正在尝试重连……
[08-15 20:18:57] [INFO] 重连成功，机器人继续运行
[08-15 20:19:38] [DEBUG] 心跳发送成功
[08-15 20:20:19] [DEBUG] 心跳发送成功
[08-15 20:21:01] [DEBUG] 心跳发送成功
[08-15 20:21:42] [DEBUG] 心跳发送成功
[08-15 20:27:14] [INFO] Session Manager 读取了 D:\code\qqbot0729\session_data 的数据
[08-15 20:27:14] [INFO] 消息（所有消息）接收函数订阅成功
[08-15 20:27:14] [INFO] 论坛事件订阅成功
[08-15 20:27:14] [INFO] 初始事件注册成功
[08-15 20:27:14] [DEBUG] [机器人ws地址] wss://api.sgroup.qq.com/websocket
[08-15 20:27:15] [INFO] 连接成功，机器人开始运行
[08-15 20:27:15] [INFO] 机器人频道用户ID：16339539897453438804
[08-15 20:27:56] [DEBUG] 心跳发送成功
[08-15 20:28:37] [DEBUG] 心跳发送成功
[08-15 20:29:18] [DEBUG] 心跳发送成功
[08-15 20:30:00] [DEBUG] 心跳发送成功
[08-15 20:30:07] [INFO] 幽灵非法发帖
[08-15 20:30:41] [DEBUG] 心跳发送成功
[08-15 20:31:01] [INFO] 幽灵非法发帖
[08-15 20:31:13] [INFO] 幽灵非法发帖
[08-15 20:31:22] [DEBUG] 心跳发送成功
[08-15 20:32:03] [DEBUG] 心跳发送成功
[08-15 20:32:45] [DEBUG] 心跳发送成功
[08-15 20:33:09] [INFO] {
    "委托表":"合法",
    "免责声明":"合法",
    "补课年级":"合法",
    "补课时间":"合法",
    "举报途径":"合法",
    "收费情况":"合法",
    "违规行为":"合法"
}
[08-15 20:33:26] [DEBUG] 心跳发送成功
[08-15 20:34:07] [DEBUG] 心跳发送成功
[08-15 20:34:49] [DEBUG] 心跳发送成功
[08-15 20:35:30] [DEBUG] 心跳发送成功
[08-15 20:36:11] [DEBUG] 心跳发送成功
[08-15 20:36:52] [DEBUG] 心跳发送成功
[08-15 20:37:34] [DEBUG] 心跳发送成功
[08-15 20:38:15] [DEBUG] 心跳发送成功
[08-15 20:38:56] [DEBUG] 心跳发送成功
[08-15 20:39:37] [DEBUG] 心跳发送成功
[08-15 20:40:19] [DEBUG] 心跳发送成功
[08-15 20:41:00] [DEBUG] 心跳发送成功
[08-15 20:41:41] [DEBUG] 心跳发送成功
[08-15 20:42:22] [DEBUG] 心跳发送成功
[08-15 20:43:04] [DEBUG] 心跳发送成功
[08-15 20:43:45] [DEBUG] 心跳发送成功
[08-15 20:44:26] [DEBUG] 心跳发送成功
[08-15 20:45:07] [DEBUG] 心跳发送成功
[08-15 20:45:49] [DEBUG] 心跳发送成功
[08-15 20:46:30] [DEBUG] 心跳发送成功
[08-15 20:47:11] [DEBUG] 心跳发送成功
[08-15 20:47:52] [DEBUG] 心跳发送成功
[08-15 20:48:34] [DEBUG] 心跳发送成功
[08-15 20:49:15] [DEBUG] 心跳发送成功
[08-15 20:49:56] [DEBUG] 心跳发送成功
[08-15 20:50:38] [DEBUG] 心跳发送成功
[08-15 20:51:19] [DEBUG] 心跳发送成功
[08-15 20:52:00] [DEBUG] 心跳发送成功
[08-15 20:52:41] [DEBUG] 心跳发送成功
[08-15 20:53:23] [DEBUG] 心跳发送成功
[08-15 20:54:04] [DEBUG] 心跳发送成功
[08-15 20:54:45] [DEBUG] 心跳发送成功
[08-15 20:55:26] [DEBUG] 心跳发送成功
[08-15 20:56:07] [DEBUG] 心跳发送成功
[08-15 20:56:49] [DEBUG] 心跳发送成功
[08-15 20:57:15] [WARNING] BOT_WS链接已断开，正在尝试重连……
[08-15 20:57:15] [INFO] 重连成功，机器人继续运行
[08-15 20:57:57] [DEBUG] 心跳发送成功
[08-15 20:58:38] [DEBUG] 心跳发送成功
[08-15 20:59:19] [DEBUG] 心跳发送成功
[08-15 21:00:01] [DEBUG] 心跳发送成功
[08-15 21:00:42] [DEBUG] 心跳发送成功
[08-15 21:00:57] [WARNING] BOT_WS链接已断开，正在尝试重连……
[08-15 21:01:00] [INFO] 重连成功，机器人继续运行
