[08-11 19:22:00] [INFO] Session Manager 读取了 D:\code\qqbot0729\session_data 的数据
[08-11 19:22:00] [INFO] 消息（所有消息）接收函数订阅成功
[08-11 19:22:00] [INFO] 论坛事件订阅成功
[08-11 19:22:00] [DEBUG] [机器人ws地址] wss://api.sgroup.qq.com/websocket
[08-11 19:22:01] [INFO] 连接成功，机器人开始运行
[08-11 19:22:01] [INFO] 机器人频道用户ID：16339539897453438804
[08-11 19:22:42] [DEBUG] 心跳发送成功
[08-11 19:22:44] [INFO] 
###msg
@小灵bot @小灵bot 委托截止时间： 8.20
互助截止时间：8.25（选填，如有） 
学校名称：    福州市耀华高级中学                    
学校性质： 民办 高中
学校地址： 福建省福州市闽侯县高新区兴业支路福州市耀华高级中学
电话举报：   福建省教育厅 0591-87821532
0591-87091269
0591-87091371
0591-87091277
教育厅未接可打0591-12345网信

违规行为：学校以夏令营为名进行补课从8.15到8.31，表面为自愿原则，而补课期间会教新课，如不参加夏令营开学后会对学生的课程带来一定影响。教育局规定放假时间为7.12至9.1。
补课对象：准高二生
收费情况：200一天共2800
诉求：学校停止补课并且按照教育局安排开学
###msg

[08-11 19:23:23] [DEBUG] 心跳发送成功
[08-11 19:24:05] [DEBUG] 心跳发送成功
[08-11 19:24:46] [DEBUG] 心跳发送成功
[08-11 19:25:27] [DEBUG] 心跳发送成功
[08-11 19:25:41] [INFO] 
###msg
你好
###msg

[08-11 19:26:08] [DEBUG] 心跳发送成功
[08-11 19:26:50] [DEBUG] 心跳发送成功
[08-11 19:27:31] [DEBUG] 心跳发送成功
[08-11 19:28:12] [DEBUG] 心跳发送成功
[08-11 19:28:53] [DEBUG] 心跳发送成功
[08-11 19:29:35] [DEBUG] 心跳发送成功
[08-11 19:30:16] [DEBUG] 心跳发送成功
[08-11 19:30:57] [DEBUG] 心跳发送成功
